"../../../Engine/Content/EngineMaterials/T_Default_Material_Grid_N.uasset" 0
"../../../Engine/Content/EngineMaterials/T_Default_Material_Grid_N.uexp" 1
"../../../Engine/Content/EngineMaterials/T_Default_Material_Grid_N.ubulk" 2
"../../../Engine/Content/EngineMaterials/T_Default_Material_Grid_M.uasset" 3
"../../../Engine/Content/EngineMaterials/T_Default_Material_Grid_M.uexp" 4
"../../../Engine/Content/EngineMaterials/T_Default_Material_Grid_M.ubulk" 5
"../../../Engine/Content/Functions/Engine_MaterialFunctions01/Opacity/CameraDepthFade.uasset" 6
"../../../Engine/Content/Functions/Engine_MaterialFunctions01/Opacity/CameraDepthFade.uexp" 7
"../../../Engine/Content/EngineMaterials/WorldGridMaterial.uasset" 8
"../../../Engine/Content/EngineMaterials/WorldGridMaterial.uexp" 9
"../../../Engine/Content/ArtTools/RenderToTexture/Meshes/S_1_Unit_Plane.uasset" 10
"../../../Engine/Content/ArtTools/RenderToTexture/Meshes/S_1_Unit_Plane.uexp" 11
"../../../Engine/Content/EngineMaterials/DefaultMaterial.uasset" 12
"../../../Engine/Content/EngineMaterials/DefaultMaterial.uexp" 13
"../../../Engine/Content/BasicShapes/Cone.uasset" 14
"../../../Engine/Content/BasicShapes/Cone.uexp" 15
"../../../Engine/Content/BasicShapes/Plane.uasset" 16
"../../../Engine/Content/BasicShapes/Plane.uexp" 17
"../../../Engine/Content/BasicShapes/Sphere.uasset" 18
"../../../Engine/Content/BasicShapes/Sphere.uexp" 19
"../../../Engine/Content/EngineDamageTypes/DmgTypeBP_Environmental.uasset" 20
"../../../Engine/Content/EngineDamageTypes/DmgTypeBP_Environmental.uexp" 21
"../../../Engine/Content/EngineDebugMaterials/DebugEditorMaterial.uasset" 22
"../../../Engine/Content/EngineDebugMaterials/DebugEditorMaterial.uexp" 23
"../../../Engine/Content/EngineDebugMaterials/DebugMeshMaterial.uasset" 24
"../../../Engine/Content/EngineDebugMaterials/DebugMeshMaterial.uexp" 25
"../../../Engine/Content/EngineDebugMaterials/M_SimpleUnlitTranslucent.uasset" 26
"../../../Engine/Content/EngineDebugMaterials/M_SimpleUnlitTranslucent.uexp" 27
"../../../Engine/Content/EngineDebugMaterials/VolumeToRender.uasset" 28
"../../../Engine/Content/EngineDebugMaterials/VolumeToRender.uexp" 29
"../../../Engine/Content/Functions/Engine_MaterialFunctions02/Utility/CameraDirectionVector.uasset" 30
"../../../Engine/Content/Functions/Engine_MaterialFunctions02/Utility/CameraDirectionVector.uexp" 31
"../../../Engine/Content/EngineDebugMaterials/M_VolumeRenderSphereTracePP.uasset" 32
"../../../Engine/Content/EngineDebugMaterials/M_VolumeRenderSphereTracePP.uexp" 33
"../../../Engine/Content/Functions/Engine_MaterialFunctions01/Shading/ConvertFromDiffSpec.uasset" 34
"../../../Engine/Content/Functions/Engine_MaterialFunctions01/Shading/ConvertFromDiffSpec.uexp" 35
"../../../Engine/Content/EngineDebugMaterials/VertexColorMaterial.uasset" 36
"../../../Engine/Content/EngineDebugMaterials/VertexColorMaterial.uexp" 37
"../../../Engine/Content/EngineDebugMaterials/WireframeMaterial.uasset" 38
"../../../Engine/Content/EngineDebugMaterials/WireframeMaterial.uexp" 39
"../../../Engine/Content/EngineFonts/Faces/RobotoRegular.uasset" 40
"../../../Engine/Content/EngineFonts/Faces/RobotoRegular.uexp" 41
"../../../Engine/Content/EngineFonts/Faces/RobotoRegular.ufont" 42
"../../../Engine/Content/EngineFonts/Faces/RobotoLight.uasset" 43
"../../../Engine/Content/EngineFonts/Faces/RobotoLight.uexp" 44
"../../../Engine/Content/EngineFonts/Faces/RobotoLight.ufont" 45
"../../../Engine/Content/EngineFonts/Faces/RobotoItalic.uasset" 46
"../../../Engine/Content/EngineFonts/Faces/RobotoItalic.uexp" 47
"../../../Engine/Content/EngineFonts/Faces/RobotoItalic.ufont" 48
"../../../Engine/Content/EngineFonts/Faces/RobotoBoldItalic.uasset" 49
"../../../Engine/Content/EngineFonts/Faces/RobotoBoldItalic.uexp" 50
"../../../Engine/Content/EngineFonts/Faces/RobotoBoldItalic.ufont" 51
"../../../Engine/Content/EngineFonts/Faces/RobotoBold.uasset" 52
"../../../Engine/Content/EngineFonts/Faces/RobotoBold.uexp" 53
"../../../Engine/Content/EngineFonts/Faces/RobotoBold.ufont" 54
"../../../Engine/Content/EngineFonts/Faces/DroidSansFallback.uasset" 55
"../../../Engine/Content/EngineFonts/Faces/DroidSansFallback.uexp" 56
"../../../Engine/Content/EngineFonts/Faces/DroidSansFallback.ufont" 57
"../../../Engine/Content/EngineFonts/Roboto.uasset" 58
"../../../Engine/Content/EngineFonts/Roboto.uexp" 59
"../../../Engine/Content/EngineMaterials/BaseFlattenNormalMap.uasset" 60
"../../../Engine/Content/EngineMaterials/BaseFlattenNormalMap.uexp" 61
"../../../Engine/Content/EngineMaterials/BaseFlattenGrayscaleMap.uasset" 62
"../../../Engine/Content/EngineMaterials/BaseFlattenGrayscaleMap.uexp" 63
"../../../Engine/Content/EngineMaterials/BaseFlattenEmissiveMap.uasset" 64
"../../../Engine/Content/EngineMaterials/BaseFlattenEmissiveMap.uexp" 65
"../../../Engine/Content/EngineMaterials/BaseFlattenDiffuseMap.uasset" 66
"../../../Engine/Content/EngineMaterials/BaseFlattenDiffuseMap.uexp" 67
"../../../Engine/Content/EngineMaterials/BaseFlattenMaterial.uasset" 68
"../../../Engine/Content/EngineMaterials/BaseFlattenMaterial.uexp" 69
"../../../Engine/Content/EngineMaterials/BlueNoise.uasset" 70
"../../../Engine/Content/EngineMaterials/BlueNoise.uexp" 71
"../../../Engine/Content/EngineMaterials/DefaultBloomKernel.uasset" 72
"../../../Engine/Content/EngineMaterials/DefaultBloomKernel.uexp" 73
"../../../Engine/Content/EngineMaterials/DefaultBokeh.uasset" 74
"../../../Engine/Content/EngineMaterials/DefaultBokeh.uexp" 75
"../../../Engine/Content/EngineMaterials/DefaultDiffuse.uasset" 76
"../../../Engine/Content/EngineMaterials/DefaultDiffuse.uexp" 77
"../../../Engine/Content/EngineMaterials/DefaultDiffuse.ubulk" 78
"../../../Engine/Content/EngineMaterials/DefaultDeferredDecalMaterial.uasset" 79
"../../../Engine/Content/EngineMaterials/DefaultDeferredDecalMaterial.uexp" 80
"../../../Engine/Content/EngineMaterials/DefaultLightFunctionMaterial.uasset" 81
"../../../Engine/Content/EngineMaterials/DefaultLightFunctionMaterial.uexp" 82
"../../../Engine/Content/EngineMaterials/DefaultPhysicalMaterial.uasset" 83
"../../../Engine/Content/EngineMaterials/DefaultPhysicalMaterial.uexp" 84
"../../../Engine/Content/Functions/Engine_MaterialFunctions02/Utility/BreakOutFloat2Components.uasset" 85
"../../../Engine/Content/Functions/Engine_MaterialFunctions02/Utility/BreakOutFloat2Components.uexp" 86
"../../../Engine/Content/EngineMaterials/DefaultPostProcessMaterial.uasset" 87
"../../../Engine/Content/EngineMaterials/DefaultPostProcessMaterial.uexp" 88
"../../../Engine/Content/EngineFonts/RobotoDistanceField.uasset" 89
"../../../Engine/Content/EngineFonts/RobotoDistanceField.uexp" 90
"../../../Engine/Content/EngineMaterials/DefaultTextMaterialOpaque.uasset" 91
"../../../Engine/Content/EngineMaterials/DefaultTextMaterialOpaque.uexp" 92
"../../../Engine/Content/EngineMaterials/DefaultWhiteGrid.uasset" 93
"../../../Engine/Content/EngineMaterials/DefaultWhiteGrid.uexp" 94
"../../../Engine/Content/EngineMaterials/DefaultWhiteGrid.ubulk" 95
"../../../Engine/Content/EngineMaterials/DefaultWhiteGrid_Low.uasset" 96
"../../../Engine/Content/EngineMaterials/DefaultWhiteGrid_Low.uexp" 97
"../../../Engine/Content/EngineMaterials/EmissiveMeshMaterial.uasset" 98
"../../../Engine/Content/EngineMaterials/EmissiveMeshMaterial.uexp" 99
"../../../Engine/Content/EngineMaterials/GizmoMaterial.uasset" 100
"../../../Engine/Content/EngineMaterials/GizmoMaterial.uexp" 101
"../../../Engine/Content/EngineMaterials/Good64x64TilingNoiseHighFreq.uasset" 102
"../../../Engine/Content/EngineMaterials/Good64x64TilingNoiseHighFreq.uexp" 103
"../../../Engine/Content/EngineMaterials/MiniFont.uasset" 104
"../../../Engine/Content/EngineMaterials/MiniFont.uexp" 105
"../../../Engine/Content/EngineMaterials/InvalidLightmapSettings.uasset" 106
"../../../Engine/Content/EngineMaterials/InvalidLightmapSettings.uexp" 107
"../../../Engine/Content/EngineMaterials/InvalidLightmapSettings.ubulk" 108
"../../../Engine/Content/EngineMaterials/M_InvalidLightmapSettings.uasset" 109
"../../../Engine/Content/EngineMaterials/M_InvalidLightmapSettings.uexp" 110
"../../../Engine/Content/Functions/Engine_MaterialFunctions02/WorldPositionOffset/CameraOffset.uasset" 111
"../../../Engine/Content/Functions/Engine_MaterialFunctions02/WorldPositionOffset/CameraOffset.uexp" 112
"../../../Engine/Content/EngineMaterials/PhAT_JointLimitMaterial.uasset" 113
"../../../Engine/Content/EngineMaterials/PhAT_JointLimitMaterial.uexp" 114
"../../../Engine/Content/EngineMaterials/PreintegratedSkinBRDF.uasset" 115
"../../../Engine/Content/EngineMaterials/PreintegratedSkinBRDF.uexp" 116
"../../../Engine/Content/EngineMaterials/RemoveSurfaceMaterial.uasset" 117
"../../../Engine/Content/EngineMaterials/RemoveSurfaceMaterial.uexp" 118
"../../../Engine/Content/EngineMaterials/WeightMapPlaceholderTexture.uasset" 119
"../../../Engine/Content/EngineMaterials/WeightMapPlaceholderTexture.uexp" 120
"../../../Engine/Content/EngineResources/WhiteSquareTexture.uasset" 121
"../../../Engine/Content/EngineResources/WhiteSquareTexture.uexp" 122
"../../../Engine/Content/EngineMaterials/Widget3DPassThrough.uasset" 123
"../../../Engine/Content/EngineMaterials/Widget3DPassThrough.uexp" 124
"../../../Engine/Content/EngineMaterials/Widget3DPassThrough_Masked.uasset" 125
"../../../Engine/Content/EngineMaterials/Widget3DPassThrough_Masked.uexp" 126
"../../../Engine/Content/EngineMaterials/Widget3DPassThrough_Opaque.uasset" 127
"../../../Engine/Content/EngineMaterials/Widget3DPassThrough_Opaque.uexp" 128
"../../../Engine/Content/EngineMaterials/Widget3DPassThrough_Masked_OneSided.uasset" 129
"../../../Engine/Content/EngineMaterials/Widget3DPassThrough_Masked_OneSided.uexp" 130
"../../../Engine/Content/EngineMaterials/Widget3DPassThrough_Opaque_OneSided.uasset" 131
"../../../Engine/Content/EngineMaterials/Widget3DPassThrough_Opaque_OneSided.uexp" 132
"../../../Engine/Content/EngineMaterials/Widget3DPassThrough_Translucent.uasset" 133
"../../../Engine/Content/EngineMaterials/Widget3DPassThrough_Translucent.uexp" 134
"../../../Engine/Content/EngineMaterials/Widget3DPassThrough_Translucent_OneSided.uasset" 135
"../../../Engine/Content/EngineMaterials/Widget3DPassThrough_Translucent_OneSided.uexp" 136
"../../../Engine/Content/EngineMeshes/Cylinder.uasset" 137
"../../../Engine/Content/EngineMeshes/Cylinder.uexp" 138
"../../../Engine/Content/EngineMeshes/Sphere.uasset" 139
"../../../Engine/Content/EngineMeshes/Sphere.uexp" 140
"../../../Engine/Content/EngineResources/DefaultTexture.uasset" 141
"../../../Engine/Content/EngineResources/DefaultTexture.uexp" 142
"../../../Engine/Content/EngineResources/DefaultTexture.ubulk" 143
"../../../Engine/Content/EngineResources/DefaultTextureCube.uasset" 144
"../../../Engine/Content/EngineResources/DefaultTextureCube.uexp" 145
"../../../Engine/Content/EngineResources/DefaultVolumeTexture2D.uasset" 146
"../../../Engine/Content/EngineResources/DefaultVolumeTexture2D.uexp" 147
"../../../Engine/Content/EngineResources/DefaultVolumeTexture.uasset" 148
"../../../Engine/Content/EngineResources/DefaultVolumeTexture.uexp" 149
"../../../Engine/Content/EngineResources/GradientTexture0.uasset" 150
"../../../Engine/Content/EngineResources/GradientTexture0.uexp" 151
"../../../Engine/Content/EngineSky/VolumetricClouds/T_NoiseShape64.uasset" 152
"../../../Engine/Content/EngineSky/VolumetricClouds/T_NoiseShape64.uexp" 153
"../../../Engine/Content/EngineSky/VolumetricClouds/T_NoiseShape64.ubulk" 154
"../../../Engine/Content/EngineSky/VolumetricClouds/T_VolumeNoiseShape64.uasset" 155
"../../../Engine/Content/EngineSky/VolumetricClouds/T_VolumeNoiseShape64.uexp" 156
"../../../Engine/Content/EngineSky/VolumetricClouds/T_NoiseErosion.uasset" 157
"../../../Engine/Content/EngineSky/VolumetricClouds/T_NoiseErosion.uexp" 158
"../../../Engine/Content/EngineSky/VolumetricClouds/T_NoiseErosion.ubulk" 159
"../../../Engine/Content/EngineSky/VolumetricClouds/T_VolumeNoiseErosion32.uasset" 160
"../../../Engine/Content/EngineSky/VolumetricClouds/T_VolumeNoiseErosion32.uexp" 161
"../../../Engine/Content/EngineSky/VolumetricClouds/CloudWeatherTexture.uasset" 162
"../../../Engine/Content/EngineSky/VolumetricClouds/CloudWeatherTexture.uexp" 163
"../../../Engine/Content/EngineSky/VolumetricClouds/CloudGradientTexture.uasset" 164
"../../../Engine/Content/EngineSky/VolumetricClouds/CloudGradientTexture.uexp" 165
"../../../Engine/Content/Functions/Engine_MaterialFunctions02/Utility/MakeFloat2.uasset" 166
"../../../Engine/Content/Functions/Engine_MaterialFunctions02/Utility/MakeFloat2.uexp" 167
"../../../Engine/Content/EngineSky/VolumetricClouds/m_SimpleVolumetricCloud.uasset" 168
"../../../Engine/Content/EngineSky/VolumetricClouds/m_SimpleVolumetricCloud.uexp" 169
"../../../Engine/Content/EngineSky/VolumetricClouds/m_SimpleVolumetricCloud_Inst.uasset" 170
"../../../Engine/Content/EngineSky/VolumetricClouds/m_SimpleVolumetricCloud_Inst.uexp" 171
"../../../Engine/Content/EngineSounds/Master.uasset" 172
"../../../Engine/Content/EngineSounds/Master.uexp" 173
"../../../Engine/Content/Functions/Engine_MaterialFunctions01/Shading/PowerToRoughness.uasset" 174
"../../../Engine/Content/Functions/Engine_MaterialFunctions01/Shading/PowerToRoughness.uexp" 175
"../../../Engine/Content/Maps/Templates/Thumbnails/Default.uasset" 176
"../../../Engine/Content/Maps/Templates/Thumbnails/Default.uexp" 177
"../../../Engine/Content/Maps/Templates/Thumbnails/TimeOfDay.uasset" 178
"../../../Engine/Content/Maps/Templates/Thumbnails/TimeOfDay.uexp" 179
"../../../Engine/Content/Maps/Templates/Thumbnails/VR-Basic.uasset" 180
"../../../Engine/Content/Maps/Templates/Thumbnails/VR-Basic.uexp" 181
"../../../Engine/Content/MobileResources/T_MobileControls_texture.uasset" 182
"../../../Engine/Content/MobileResources/T_MobileControls_texture.uexp" 183
"../../../Engine/Content/MobileResources/T_MobileMenu2.uasset" 184
"../../../Engine/Content/MobileResources/T_MobileMenu2.uexp" 185
"../../../Engine/Content/MobileResources/HUD/AnalogHat.uasset" 186
"../../../Engine/Content/MobileResources/HUD/AnalogHat.uexp" 187
"../../../Engine/Content/MobileResources/HUD/VirtualJoystick_Thumb.uasset" 188
"../../../Engine/Content/MobileResources/HUD/VirtualJoystick_Thumb.uexp" 189
"../../../Engine/Content/MobileResources/HUD/VirtualJoystick_Background.uasset" 190
"../../../Engine/Content/MobileResources/HUD/VirtualJoystick_Background.uexp" 191
"../../../Engine/Content/MobileResources/HUD/DefaultVirtualJoysticks.uasset" 192
"../../../Engine/Content/MobileResources/HUD/DefaultVirtualJoysticks.uexp" 193
"../../../Engine/Content/MobileResources/HUD/LeftVirtualJoystickOnly.uasset" 194
"../../../Engine/Content/MobileResources/HUD/LeftVirtualJoystickOnly.uexp" 195
"../../../Engine/Content/MobileResources/HUD/MobileHUDButton1_off.uasset" 196
"../../../Engine/Content/MobileResources/HUD/MobileHUDButton1_off.uexp" 197
"../../../Engine/Content/MobileResources/HUD/MobileHUDButton1_on.uasset" 198
"../../../Engine/Content/MobileResources/HUD/MobileHUDButton1_on.uexp" 199
"../../../Engine/Content/MobileResources/HUD/MobileHUDButton2_off.uasset" 200
"../../../Engine/Content/MobileResources/HUD/MobileHUDButton2_off.uexp" 201
"../../../Engine/Content/MobileResources/HUD/MobileHUDButton2_on.uasset" 202
"../../../Engine/Content/MobileResources/HUD/MobileHUDButton2_on.uexp" 203
"../../../Engine/Content/MobileResources/HUD/MobileHUDButton3.uasset" 204
"../../../Engine/Content/MobileResources/HUD/MobileHUDButton3.uexp" 205
"../../../Engine/Content/MobileResources/HUD/MobileHUDButtonFire.uasset" 206
"../../../Engine/Content/MobileResources/HUD/MobileHUDButtonFire.uexp" 207
"../../../Engine/Content/MobileResources/HUD/MobileHUDDirectionPad.uasset" 208
"../../../Engine/Content/MobileResources/HUD/MobileHUDDirectionPad.uexp" 209
"../../../Engine/Content/MobileResources/HUD/MobileHUDDirectionPad2.uasset" 210
"../../../Engine/Content/MobileResources/HUD/MobileHUDDirectionPad2.uexp" 211
"../../../Engine/Content/MobileResources/HUD/MobileHUDDirectionPad3.uasset" 212
"../../../Engine/Content/MobileResources/HUD/MobileHUDDirectionPad3.uexp" 213
"../../../Engine/Content/MobileResources/HUD/MobileHUDDirectionStick.uasset" 214
"../../../Engine/Content/MobileResources/HUD/MobileHUDDirectionStick.uexp" 215
"../../../Engine/Content/MobileResources/HUD/T_Castle_ThumbstickInner.uasset" 216
"../../../Engine/Content/MobileResources/HUD/T_Castle_ThumbstickInner.uexp" 217
"../../../Engine/Content/MobileResources/HUD/T_Castle_ThumbstickOutter.uasset" 218
"../../../Engine/Content/MobileResources/HUD/T_Castle_ThumbstickOutter.uexp" 219
"../../../Engine/Content/Tutorial/ContentIntroCurve.uasset" 220
"../../../Engine/Content/Tutorial/ContentIntroCurve.uexp" 221
"../../../Engine/Content/Tutorial/Basics/TutorialAssets/icon_tab_Levels_40x.uasset" 222
"../../../Engine/Content/Tutorial/Basics/TutorialAssets/icon_tab_Levels_40x.uexp" 223
"../../../Engine/Content/Tutorial/BlueprintTutorials/TutorialAssets/Blueprint_64x.uasset" 224
"../../../Engine/Content/Tutorial/BlueprintTutorials/TutorialAssets/Blueprint_64x.uexp" 225
"../../../Engine/Plugins/2D/Paper2D/Content/PlaceholderTextures/DummySpriteTexture.uasset" 226
"../../../Engine/Plugins/2D/Paper2D/Content/PlaceholderTextures/DummySpriteTexture.uexp" 227
"../../../Engine/Plugins/2D/Paper2D/Content/PlaceholderTextures/DummySpriteTexture.ubulk" 228
"../../../Engine/Plugins/2D/Paper2D/Content/DummySprite.uasset" 229
"../../../Engine/Plugins/2D/Paper2D/Content/DummySprite.uexp" 230
"../../../Engine/Plugins/2D/Paper2D/Content/DefaultPaperTerrainMaterial.uasset" 231
"../../../Engine/Plugins/2D/Paper2D/Content/DefaultPaperTerrainMaterial.uexp" 232
"../../../Engine/Plugins/2D/Paper2D/Content/DefaultSpriteMaterial.uasset" 233
"../../../Engine/Plugins/2D/Paper2D/Content/DefaultSpriteMaterial.uexp" 234
"../../../Engine/Plugins/2D/Paper2D/Content/MaskedUnlitSpriteMaterial.uasset" 235
"../../../Engine/Plugins/2D/Paper2D/Content/MaskedUnlitSpriteMaterial.uexp" 236
"../../../Engine/Plugins/2D/Paper2D/Content/OpaqueUnlitSpriteMaterial.uasset" 237
"../../../Engine/Plugins/2D/Paper2D/Content/OpaqueUnlitSpriteMaterial.uexp" 238
"../../../Engine/Content/Functions/Engine_MaterialFunctions02/Utility/VectorLength.uasset" 239
"../../../Engine/Content/Functions/Engine_MaterialFunctions02/Utility/VectorLength.uexp" 240
"../../../Engine/Content/Functions/Engine_MaterialFunctions02/ObjectLocalBounds.uasset" 241
"../../../Engine/Content/Functions/Engine_MaterialFunctions02/ObjectLocalBounds.uexp" 242
"../../../Engine/Content/Functions/Engine_MaterialFunctions02/WorldPositionOffset/ObjectScale.uasset" 243
"../../../Engine/Content/Functions/Engine_MaterialFunctions02/WorldPositionOffset/ObjectScale.uexp" 244
"../../../Engine/Content/Functions/Engine_MaterialFunctions02/Utility/BreakOutFloat3Components.uasset" 245
"../../../Engine/Content/Functions/Engine_MaterialFunctions02/Utility/BreakOutFloat3Components.uexp" 246
"../../../Engine/Plugins/Editor/SpeedTreeImporter/Content/SpeedTree9/UnpackInteger3.uasset" 247
"../../../Engine/Plugins/Editor/SpeedTreeImporter/Content/SpeedTree9/UnpackInteger3.uexp" 248
"../../../Engine/Plugins/Editor/SpeedTreeImporter/Content/SpeedTree9/UnpackDirection.uasset" 249
"../../../Engine/Plugins/Editor/SpeedTreeImporter/Content/SpeedTree9/UnpackDirection.uexp" 250
"../../../Engine/Plugins/Editor/SpeedTreeImporter/Content/SpeedTree9/game_wind_noise.uasset" 251
"../../../Engine/Plugins/Editor/SpeedTreeImporter/Content/SpeedTree9/game_wind_noise.uexp" 252
"../../../Engine/Plugins/Editor/SpeedTreeImporter/Content/SpeedTree9/game_wind_noise.ubulk" 253
"../../../Engine/Content/Functions/Engine_MaterialFunctions02/SafeNormalize.uasset" 254
"../../../Engine/Content/Functions/Engine_MaterialFunctions02/SafeNormalize.uexp" 255
"../../../Engine/Plugins/Editor/SpeedTreeImporter/Content/SpeedTree9/SpeedTreeWindMotion.uasset" 256
"../../../Engine/Plugins/Editor/SpeedTreeImporter/Content/SpeedTree9/SpeedTreeWindMotion.uexp" 257
"../../../Engine/Plugins/Editor/SpeedTreeImporter/Content/SpeedTree9/SpeedTreeBranchMotion.uasset" 258
"../../../Engine/Plugins/Editor/SpeedTreeImporter/Content/SpeedTree9/SpeedTreeBranchMotion.uexp" 259
"../../../Engine/Content/Functions/Engine_MaterialFunctions02/UVs/BoundingBoxBased_0-1_UVW.uasset" 260
"../../../Engine/Content/Functions/Engine_MaterialFunctions02/UVs/BoundingBoxBased_0-1_UVW.uexp" 261
"../../../Engine/Plugins/Editor/SpeedTreeImporter/Content/SpeedTree9/SpeedTreeWind.uasset" 262
"../../../Engine/Plugins/Editor/SpeedTreeImporter/Content/SpeedTree9/SpeedTreeWind.uexp" 263
"../../../Engine/Plugins/Editor/SpeedTreeImporter/Content/SpeedTree9/SpeedTreeBillboard.uasset" 264
"../../../Engine/Plugins/Editor/SpeedTreeImporter/Content/SpeedTree9/SpeedTreeBillboard.uexp" 265
"../../../Engine/Plugins/Editor/SpeedTreeImporter/Content/SpeedTree9/EmptyNormal.uasset" 266
"../../../Engine/Plugins/Editor/SpeedTreeImporter/Content/SpeedTree9/EmptyNormal.uexp" 267
"../../../Engine/Plugins/Editor/SpeedTreeImporter/Content/SpeedTree9/Empty.uasset" 268
"../../../Engine/Plugins/Editor/SpeedTreeImporter/Content/SpeedTree9/Empty.uexp" 269
"../../../Engine/Plugins/Editor/SpeedTreeImporter/Content/SpeedTree9/SpeedTreeBillboardMaster.uasset" 270
"../../../Engine/Plugins/Editor/SpeedTreeImporter/Content/SpeedTree9/SpeedTreeBillboardMaster.uexp" 271
"../../../Engine/Plugins/Editor/SpeedTreeImporter/Content/SpeedTree9/SpeedTreeCameraFacing.uasset" 272
"../../../Engine/Plugins/Editor/SpeedTreeImporter/Content/SpeedTree9/SpeedTreeCameraFacing.uexp" 273
"../../../Engine/Plugins/Editor/SpeedTreeImporter/Content/SpeedTree9/SpeedTreeMaster.uasset" 274
"../../../Engine/Plugins/Editor/SpeedTreeImporter/Content/SpeedTree9/SpeedTreeMaster.uexp" 275
"../../../Engine/Content/ArtTools/RenderToTexture/Materials/Debug/M_Emissive_Color.uasset" 276
"../../../Engine/Content/ArtTools/RenderToTexture/Materials/Debug/M_Emissive_Color.uexp" 277
"../../../Engine/Content/BasicShapes/Cylinder.uasset" 278
"../../../Engine/Content/BasicShapes/Cylinder.uexp" 279
"../../../Engine/Content/EngineResources/Black.uasset" 280
"../../../Engine/Content/EngineResources/Black.uexp" 281
"../../../Engine/Plugins/Runtime/OpenXR/Content/Devices/GoogleDaydream/MRTexture.uasset" 282
"../../../Engine/Plugins/Runtime/OpenXR/Content/Devices/GoogleDaydream/MRTexture.uexp" 283
"../../../Engine/Plugins/Runtime/OpenXR/Content/Devices/GoogleDaydream/MRTexture.ubulk" 284
"../../../Engine/Plugins/Runtime/OpenXR/Content/Devices/GoogleDaydream/BaseTexture.uasset" 285
"../../../Engine/Plugins/Runtime/OpenXR/Content/Devices/GoogleDaydream/BaseTexture.uexp" 286
"../../../Engine/Plugins/Runtime/OpenXR/Content/Devices/GoogleDaydream/BaseTexture.ubulk" 287
"../../../Engine/Plugins/Runtime/OpenXR/Content/Devices/M_XRController.uasset" 288
"../../../Engine/Plugins/Runtime/OpenXR/Content/Devices/M_XRController.uexp" 289
"../../../Engine/Plugins/Runtime/OpenXR/Content/Devices/GoogleDaydream/MI_GoogleDaydream.uasset" 290
"../../../Engine/Plugins/Runtime/OpenXR/Content/Devices/GoogleDaydream/MI_GoogleDaydream.uexp" 291
"../../../Engine/Plugins/Runtime/OpenXR/Content/Devices/GoogleDaydream/GoogleDaydreamController.uasset" 292
"../../../Engine/Plugins/Runtime/OpenXR/Content/Devices/GoogleDaydream/GoogleDaydreamController.uexp" 293
"../../../Engine/Plugins/Runtime/OpenXR/Content/Devices/HTCVive/BaseTexture.uasset" 294
"../../../Engine/Plugins/Runtime/OpenXR/Content/Devices/HTCVive/BaseTexture.uexp" 295
"../../../Engine/Plugins/Runtime/OpenXR/Content/Devices/HTCVive/BaseTexture.ubulk" 296
"../../../Engine/Plugins/Runtime/OpenXR/Content/Devices/HTCVive/MI_HTCVive.uasset" 297
"../../../Engine/Plugins/Runtime/OpenXR/Content/Devices/HTCVive/MI_HTCVive.uexp" 298
"../../../Engine/Plugins/Runtime/OpenXR/Content/Devices/HTCVive/HTCViveController.uasset" 299
"../../../Engine/Plugins/Runtime/OpenXR/Content/Devices/HTCVive/HTCViveController.uexp" 300
"../../../Engine/Plugins/Runtime/OpenXR/Content/Devices/MicrosoftMixedReality/NormalTexture.uasset" 301
"../../../Engine/Plugins/Runtime/OpenXR/Content/Devices/MicrosoftMixedReality/NormalTexture.uexp" 302
"../../../Engine/Plugins/Runtime/OpenXR/Content/Devices/MicrosoftMixedReality/NormalTexture.ubulk" 303
"../../../Engine/Plugins/Runtime/OpenXR/Content/Devices/MicrosoftMixedReality/MRTexture.uasset" 304
"../../../Engine/Plugins/Runtime/OpenXR/Content/Devices/MicrosoftMixedReality/MRTexture.uexp" 305
"../../../Engine/Plugins/Runtime/OpenXR/Content/Devices/MicrosoftMixedReality/MRTexture.ubulk" 306
"../../../Engine/Plugins/Runtime/OpenXR/Content/Devices/MicrosoftMixedReality/EmissiveTexture.uasset" 307
"../../../Engine/Plugins/Runtime/OpenXR/Content/Devices/MicrosoftMixedReality/EmissiveTexture.uexp" 308
"../../../Engine/Plugins/Runtime/OpenXR/Content/Devices/MicrosoftMixedReality/EmissiveTexture.ubulk" 309
"../../../Engine/Plugins/Runtime/OpenXR/Content/Devices/MicrosoftMixedReality/BaseTexture.uasset" 310
"../../../Engine/Plugins/Runtime/OpenXR/Content/Devices/MicrosoftMixedReality/BaseTexture.uexp" 311
"../../../Engine/Plugins/Runtime/OpenXR/Content/Devices/MicrosoftMixedReality/BaseTexture.ubulk" 312
"../../../Engine/Plugins/Runtime/OpenXR/Content/Devices/MicrosoftMixedReality/MI_MicrosoftMixedReality.uasset" 313
"../../../Engine/Plugins/Runtime/OpenXR/Content/Devices/MicrosoftMixedReality/MI_MicrosoftMixedReality.uexp" 314
"../../../Engine/Plugins/Runtime/OpenXR/Content/Devices/MicrosoftMixedReality/Left/left_MicrosoftMixedRealityController.uasset" 315
"../../../Engine/Plugins/Runtime/OpenXR/Content/Devices/MicrosoftMixedReality/Left/left_MicrosoftMixedRealityController.uexp" 316
"../../../Engine/Plugins/Runtime/OpenXR/Content/Devices/MicrosoftMixedReality/Right/right_MicrosoftMixedRealityController.uasset" 317
"../../../Engine/Plugins/Runtime/OpenXR/Content/Devices/MicrosoftMixedReality/Right/right_MicrosoftMixedRealityController.uexp" 318
"../../../Engine/Plugins/Runtime/OpenXR/Content/Devices/OculusGo/BaseTexture.uasset" 319
"../../../Engine/Plugins/Runtime/OpenXR/Content/Devices/OculusGo/BaseTexture.uexp" 320
"../../../Engine/Plugins/Runtime/OpenXR/Content/Devices/OculusGo/BaseTexture.ubulk" 321
"../../../Engine/Plugins/Runtime/OpenXR/Content/Devices/OculusGo/MI_OculusGo.uasset" 322
"../../../Engine/Plugins/Runtime/OpenXR/Content/Devices/OculusGo/MI_OculusGo.uexp" 323
"../../../Engine/Plugins/Runtime/OpenXR/Content/Devices/OculusGo/OculusGoController.uasset" 324
"../../../Engine/Plugins/Runtime/OpenXR/Content/Devices/OculusGo/OculusGoController.uexp" 325
"../../../Engine/Plugins/Runtime/OpenXR/Content/Devices/OculusTouch/MRTexture.uasset" 326
"../../../Engine/Plugins/Runtime/OpenXR/Content/Devices/OculusTouch/MRTexture.uexp" 327
"../../../Engine/Plugins/Runtime/OpenXR/Content/Devices/OculusTouch/MRTexture.ubulk" 328
"../../../Engine/Plugins/Runtime/OpenXR/Content/Devices/OculusTouch/BaseTexture.uasset" 329
"../../../Engine/Plugins/Runtime/OpenXR/Content/Devices/OculusTouch/BaseTexture.uexp" 330
"../../../Engine/Plugins/Runtime/OpenXR/Content/Devices/OculusTouch/BaseTexture.ubulk" 331
"../../../Engine/Plugins/Runtime/OpenXR/Content/Devices/OculusTouch/MI_OculusTouch.uasset" 332
"../../../Engine/Plugins/Runtime/OpenXR/Content/Devices/OculusTouch/MI_OculusTouch.uexp" 333
"../../../Engine/Plugins/Runtime/OpenXR/Content/Devices/OculusTouch/Left/left_OculusTouchController.uasset" 334
"../../../Engine/Plugins/Runtime/OpenXR/Content/Devices/OculusTouch/Left/left_OculusTouchController.uexp" 335
"../../../Engine/Plugins/Runtime/OpenXR/Content/Devices/OculusTouch/Right/right_OculusTouchController.uasset" 336
"../../../Engine/Plugins/Runtime/OpenXR/Content/Devices/OculusTouch/Right/right_OculusTouchController.uexp" 337
"../../../Engine/Plugins/Runtime/OpenXR/Content/Devices/OculusTouch_v2/MRTexture.uasset" 338
"../../../Engine/Plugins/Runtime/OpenXR/Content/Devices/OculusTouch_v2/MRTexture.uexp" 339
"../../../Engine/Plugins/Runtime/OpenXR/Content/Devices/OculusTouch_v2/MRTexture.ubulk" 340
"../../../Engine/Plugins/Runtime/OpenXR/Content/Devices/OculusTouch_v2/BaseTexture.uasset" 341
"../../../Engine/Plugins/Runtime/OpenXR/Content/Devices/OculusTouch_v2/BaseTexture.uexp" 342
"../../../Engine/Plugins/Runtime/OpenXR/Content/Devices/OculusTouch_v2/BaseTexture.ubulk" 343
"../../../Engine/Plugins/Runtime/OpenXR/Content/Devices/OculusTouch_v2/MI_OculusTouch_v2.uasset" 344
"../../../Engine/Plugins/Runtime/OpenXR/Content/Devices/OculusTouch_v2/MI_OculusTouch_v2.uexp" 345
"../../../Engine/Plugins/Runtime/OpenXR/Content/Devices/OculusTouch_v2/Left/left_OculusTouch_v2Controller.uasset" 346
"../../../Engine/Plugins/Runtime/OpenXR/Content/Devices/OculusTouch_v2/Left/left_OculusTouch_v2Controller.uexp" 347
"../../../Engine/Plugins/Runtime/OpenXR/Content/Devices/OculusTouch_v2/Right/right_OculusTouch_v2Controller.uasset" 348
"../../../Engine/Plugins/Runtime/OpenXR/Content/Devices/OculusTouch_v2/Right/right_OculusTouch_v2Controller.uexp" 349
"../../../Engine/Plugins/Runtime/OpenXR/Content/Devices/OculusTouch_v3/MRTexture.uasset" 350
"../../../Engine/Plugins/Runtime/OpenXR/Content/Devices/OculusTouch_v3/MRTexture.uexp" 351
"../../../Engine/Plugins/Runtime/OpenXR/Content/Devices/OculusTouch_v3/MRTexture.ubulk" 352
"../../../Engine/Plugins/Runtime/OpenXR/Content/Devices/OculusTouch_v3/BaseTexture.uasset" 353
"../../../Engine/Plugins/Runtime/OpenXR/Content/Devices/OculusTouch_v3/BaseTexture.uexp" 354
"../../../Engine/Plugins/Runtime/OpenXR/Content/Devices/OculusTouch_v3/BaseTexture.ubulk" 355
"../../../Engine/Plugins/Runtime/OpenXR/Content/Devices/OculusTouch_v3/MI_OculusTouch_v3.uasset" 356
"../../../Engine/Plugins/Runtime/OpenXR/Content/Devices/OculusTouch_v3/MI_OculusTouch_v3.uexp" 357
"../../../Engine/Plugins/Runtime/OpenXR/Content/Devices/OculusTouch_v3/Left/left_OculusTouch_v3Controller.uasset" 358
"../../../Engine/Plugins/Runtime/OpenXR/Content/Devices/OculusTouch_v3/Left/left_OculusTouch_v3Controller.uexp" 359
"../../../Engine/Plugins/Runtime/OpenXR/Content/Devices/OculusTouch_v3/Right/right_OculusTouch_v3Controller.uasset" 360
"../../../Engine/Plugins/Runtime/OpenXR/Content/Devices/OculusTouch_v3/Right/right_OculusTouch_v3Controller.uexp" 361
"../../../Engine/Plugins/Runtime/OpenXR/Content/Devices/ValveIndex/MRTexture.uasset" 362
"../../../Engine/Plugins/Runtime/OpenXR/Content/Devices/ValveIndex/MRTexture.uexp" 363
"../../../Engine/Plugins/Runtime/OpenXR/Content/Devices/ValveIndex/MRTexture.ubulk" 364
"../../../Engine/Plugins/Runtime/OpenXR/Content/Devices/ValveIndex/BaseTexture.uasset" 365
"../../../Engine/Plugins/Runtime/OpenXR/Content/Devices/ValveIndex/BaseTexture.uexp" 366
"../../../Engine/Plugins/Runtime/OpenXR/Content/Devices/ValveIndex/BaseTexture.ubulk" 367
"../../../Engine/Plugins/Runtime/OpenXR/Content/Devices/ValveIndex/Left/MI_left_ValveIndex.uasset" 368
"../../../Engine/Plugins/Runtime/OpenXR/Content/Devices/ValveIndex/Left/MI_left_ValveIndex.uexp" 369
"../../../Engine/Plugins/Runtime/OpenXR/Content/Devices/ValveIndex/Left/left_ValveIndexController.uasset" 370
"../../../Engine/Plugins/Runtime/OpenXR/Content/Devices/ValveIndex/Left/left_ValveIndexController.uexp" 371
"../../../Engine/Plugins/Runtime/OpenXR/Content/Devices/ValveIndex/Right/MI_right_ValveIndex.uasset" 372
"../../../Engine/Plugins/Runtime/OpenXR/Content/Devices/ValveIndex/Right/MI_right_ValveIndex.uexp" 373
"../../../Engine/Plugins/Runtime/OpenXR/Content/Devices/ValveIndex/Right/right_ValveIndexController.uasset" 374
"../../../Engine/Plugins/Runtime/OpenXR/Content/Devices/ValveIndex/Right/right_ValveIndexController.uexp" 375
"../../../Engine/Content/Functions/Engine_MaterialFunctions02/Utility/BreakOutFloat4Components.uasset" 376
"../../../Engine/Content/Functions/Engine_MaterialFunctions02/Utility/BreakOutFloat4Components.uexp" 377
"../../../Engine/Content/Functions/Engine_MaterialFunctions02/Utility/MakeFloat3.uasset" 378
"../../../Engine/Content/Functions/Engine_MaterialFunctions02/Utility/MakeFloat3.uexp" 379
"../../../Engine/Plugins/Runtime/Oculus/OculusVR/Content/Materials/OculusMR_ChromaKey.uasset" 380
"../../../Engine/Plugins/Runtime/Oculus/OculusVR/Content/Materials/OculusMR_ChromaKey.uexp" 381
"../../../Engine/Plugins/Runtime/Oculus/OculusVR/Content/Materials/OculusMR_OpaqueColoredMaterial.uasset" 382
"../../../Engine/Plugins/Runtime/Oculus/OculusVR/Content/Materials/OculusMR_OpaqueColoredMaterial.uexp" 383
"../../../Engine/Plugins/Runtime/Oculus/OculusVR/Content/Materials/PokeAHoleMaterial.uasset" 384
"../../../Engine/Plugins/Runtime/Oculus/OculusVR/Content/Materials/PokeAHoleMaterial.uexp" 385
"../../../Engine/Plugins/Runtime/Oculus/OculusVR/Content/Textures/touchController_controlmap.uasset" 386
"../../../Engine/Plugins/Runtime/Oculus/OculusVR/Content/Textures/touchController_controlmap.uexp" 387
"../../../Engine/Plugins/Runtime/Oculus/OculusVR/Content/Textures/touchController_controlmap.ubulk" 388
"../../../Engine/Plugins/Runtime/Oculus/OculusVR/Content/Textures/touchController_albedo.uasset" 389
"../../../Engine/Plugins/Runtime/Oculus/OculusVR/Content/Textures/touchController_albedo.uexp" 390
"../../../Engine/Plugins/Runtime/Oculus/OculusVR/Content/Textures/touchController_albedo.ubulk" 391
"../../../Engine/Plugins/Runtime/Oculus/OculusVR/Content/Materials/touchController_mat.uasset" 392
"../../../Engine/Plugins/Runtime/Oculus/OculusVR/Content/Materials/touchController_mat.uexp" 393
"../../../Engine/Plugins/Runtime/Oculus/OculusVR/Content/Meshes/LeftTouchController.uasset" 394
"../../../Engine/Plugins/Runtime/Oculus/OculusVR/Content/Meshes/LeftTouchController.uexp" 395
"../../../Engine/Plugins/Runtime/Oculus/OculusVR/Content/Textures/TouchForQuestRiftSController_albedo.uasset" 396
"../../../Engine/Plugins/Runtime/Oculus/OculusVR/Content/Textures/TouchForQuestRiftSController_albedo.uexp" 397
"../../../Engine/Plugins/Runtime/Oculus/OculusVR/Content/Textures/TouchForQuestRiftSController_albedo.ubulk" 398
"../../../Engine/Plugins/Runtime/Oculus/OculusVR/Content/Materials/TouchForQuestRiftSControllerMaterial.uasset" 399
"../../../Engine/Plugins/Runtime/Oculus/OculusVR/Content/Materials/TouchForQuestRiftSControllerMaterial.uexp" 400
"../../../Engine/Plugins/Runtime/Oculus/OculusVR/Content/Meshes/LeftTouchForQuestRiftSController.uasset" 401
"../../../Engine/Plugins/Runtime/Oculus/OculusVR/Content/Meshes/LeftTouchForQuestRiftSController.uexp" 402
"../../../Engine/Plugins/Runtime/Oculus/OculusVR/Content/Meshes/RiftHMD.uasset" 403
"../../../Engine/Plugins/Runtime/Oculus/OculusVR/Content/Meshes/RiftHMD.uexp" 404
"../../../Engine/Plugins/Runtime/Oculus/OculusVR/Content/Meshes/RightTouchController.uasset" 405
"../../../Engine/Plugins/Runtime/Oculus/OculusVR/Content/Meshes/RightTouchController.uexp" 406
"../../../Engine/Plugins/Runtime/Oculus/OculusVR/Content/Meshes/RightTouchForQuestRiftSController.uasset" 407
"../../../Engine/Plugins/Runtime/Oculus/OculusVR/Content/Meshes/RightTouchForQuestRiftSController.uexp" 408
"../../../Engine/Content/MapTemplates/SM_Template_Map_Floor.uasset" 409
"../../../Engine/Content/MapTemplates/SM_Template_Map_Floor.uexp" 410
"../../../Engine/Content/EngineSky/T_Sky_Stars.uasset" 411
"../../../Engine/Content/EngineSky/T_Sky_Stars.uexp" 412
"../../../Engine/Content/EngineSky/T_Sky_Stars.ubulk" 413
"../../../Engine/Content/EngineSky/T_Sky_Clouds_M.uasset" 414
"../../../Engine/Content/EngineSky/T_Sky_Clouds_M.uexp" 415
"../../../Engine/Content/EngineSky/T_Sky_Clouds_M.ubulk" 416
"../../../Engine/Content/EngineSky/T_Sky_Blue.uasset" 417
"../../../Engine/Content/EngineSky/T_Sky_Blue.uexp" 418
"../../../Engine/Content/EngineSky/T_Sky_Blue.ubulk" 419
"../../../Engine/Content/BasicShapes/Cube.uasset" 420
"../../../Engine/Content/BasicShapes/Cube.uexp" 421
"../../../Engine/Content/EngineSky/M_Sky_Panning_Clouds2.uasset" 422
"../../../Engine/Content/EngineSky/M_Sky_Panning_Clouds2.uexp" 423
"../../../Engine/Content/BasicShapes/BasicShapeMaterial.uasset" 424
"../../../Engine/Content/BasicShapes/BasicShapeMaterial.uexp" 425
"E:/UnrealEngine/Projects/DisciplesOfTheGods/Content/TBS/Maps/BattleMap_Content_BuiltData.uasset" 426
"E:/UnrealEngine/Projects/DisciplesOfTheGods/Content/TBS/Maps/BattleMap_Content_BuiltData.uexp" 427
"E:/UnrealEngine/Projects/DisciplesOfTheGods/Content/TBS/Maps/BattleMap_Content_BuiltData.ubulk" 428
"../../../Engine/Content/EngineSky/SM_SkySphere.uasset" 429
"../../../Engine/Content/EngineSky/SM_SkySphere.uexp" 430
"../../../Engine/Content/EngineSky/C_Sky_Zenith_Color.uasset" 431
"../../../Engine/Content/EngineSky/C_Sky_Zenith_Color.uexp" 432
"../../../Engine/Content/EngineSky/C_Sky_Horizon_Color.uasset" 433
"../../../Engine/Content/EngineSky/C_Sky_Horizon_Color.uexp" 434
"../../../Engine/Content/EngineSky/C_Sky_Cloud_Color.uasset" 435
"../../../Engine/Content/EngineSky/C_Sky_Cloud_Color.uexp" 436
"../../../Engine/Content/EngineSky/BP_Sky_Sphere.uasset" 437
"../../../Engine/Content/EngineSky/BP_Sky_Sphere.uexp" 438
"E:/UnrealEngine/Projects/DisciplesOfTheGods/Content/TBS/Audio/Game/Themes/S_BattleTheme_03.uasset" 439
"E:/UnrealEngine/Projects/DisciplesOfTheGods/Content/TBS/Audio/Game/Themes/S_BattleTheme_03.uexp" 440
"E:/UnrealEngine/Projects/DisciplesOfTheGods/Content/TBS/Audio/Game/Themes/S_BattleTheme_02.uasset" 441
"E:/UnrealEngine/Projects/DisciplesOfTheGods/Content/TBS/Audio/Game/Themes/S_BattleTheme_02.uexp" 442
"E:/UnrealEngine/Projects/DisciplesOfTheGods/Content/TBS/Audio/Game/Themes/S_BattleTheme_01.uasset" 443
"E:/UnrealEngine/Projects/DisciplesOfTheGods/Content/TBS/Audio/Game/Themes/S_BattleTheme_01.uexp" 444
"E:/UnrealEngine/Projects/DisciplesOfTheGods/Content/TBS/Audio/Game/Themes/S_Battle_Cue.uasset" 445
"E:/UnrealEngine/Projects/DisciplesOfTheGods/Content/TBS/Audio/Game/Themes/S_Battle_Cue.uexp" 446
"E:/UnrealEngine/Projects/DisciplesOfTheGods/Content/TBS/Assets/Environment/M_Floor.uasset" 447
"E:/UnrealEngine/Projects/DisciplesOfTheGods/Content/TBS/Assets/Environment/M_Floor.uexp" 448
"E:/UnrealEngine/Projects/DisciplesOfTheGods/Content/TBS/Maps/BattleMap_Content.uexp" 449
"E:/UnrealEngine/Projects/DisciplesOfTheGods/Content/TBS/Maps/BattleMap_Content.umap" 450
"E:/UnrealEngine/Projects/DisciplesOfTheGods/Content/TBS/Maps/BattleMap_Main_BuiltData.uasset" 451
"E:/UnrealEngine/Projects/DisciplesOfTheGods/Content/TBS/Maps/BattleMap_Main_BuiltData.uexp" 452
"../../../Engine/Plugins/2D/Paper2D/Content/TranslucentUnlitSpriteMaterial.uasset" 453
"../../../Engine/Plugins/2D/Paper2D/Content/TranslucentUnlitSpriteMaterial.uexp" 454
"E:/UnrealEngine/Projects/DisciplesOfTheGods/Content/Debug/texture.uasset" 455
"E:/UnrealEngine/Projects/DisciplesOfTheGods/Content/Debug/texture.uexp" 456
"E:/UnrealEngine/Projects/DisciplesOfTheGods/Content/Debug/texture.ubulk" 457
"E:/UnrealEngine/Projects/DisciplesOfTheGods/Content/Debug/T_Rank_01_png.uasset" 458
"E:/UnrealEngine/Projects/DisciplesOfTheGods/Content/Debug/T_Rank_01_png.uexp" 459
"E:/UnrealEngine/Projects/DisciplesOfTheGods/Content/TBS/Textures/UI/Game/Heroes/T_UI_UsualMob_RoundIcon.uasset" 460
"E:/UnrealEngine/Projects/DisciplesOfTheGods/Content/TBS/Textures/UI/Game/Heroes/T_UI_UsualMob_RoundIcon.uexp" 461
"E:/UnrealEngine/Projects/DisciplesOfTheGods/Content/TBS/Textures/UI/Game/Heroes/T_UI_UsualMob_Image.uasset" 462
"E:/UnrealEngine/Projects/DisciplesOfTheGods/Content/TBS/Textures/UI/Game/Heroes/T_UI_UsualMob_Image.uexp" 463
"E:/UnrealEngine/Projects/DisciplesOfTheGods/Content/TBS/Textures/UI/Game/Heroes/T_UI_UsualMob_Icon.uasset" 464
"E:/UnrealEngine/Projects/DisciplesOfTheGods/Content/TBS/Textures/UI/Game/Heroes/T_UI_UsualMob_Icon.uexp" 465
"E:/UnrealEngine/Projects/DisciplesOfTheGods/Content/TBS/Textures/UI/Game/Heroes/T_UI_MagicMob_RoundIcon.uasset" 466
"E:/UnrealEngine/Projects/DisciplesOfTheGods/Content/TBS/Textures/UI/Game/Heroes/T_UI_MagicMob_RoundIcon.uexp" 467
"E:/UnrealEngine/Projects/DisciplesOfTheGods/Content/TBS/Textures/UI/Game/Heroes/T_UI_MagicMob_Image.uasset" 468
"E:/UnrealEngine/Projects/DisciplesOfTheGods/Content/TBS/Textures/UI/Game/Heroes/T_UI_MagicMob_Image.uexp" 469
"E:/UnrealEngine/Projects/DisciplesOfTheGods/Content/TBS/Textures/UI/Game/Heroes/T_UI_MagicMob_Icon.uasset" 470
"E:/UnrealEngine/Projects/DisciplesOfTheGods/Content/TBS/Textures/UI/Game/Heroes/T_UI_MagicMob_Icon.uexp" 471
"E:/UnrealEngine/Projects/DisciplesOfTheGods/Content/TBS/Textures/UI/Game/Heroes/T_UI_HealingMob_RoundIcon.uasset" 472
"E:/UnrealEngine/Projects/DisciplesOfTheGods/Content/TBS/Textures/UI/Game/Heroes/T_UI_HealingMob_RoundIcon.uexp" 473
"E:/UnrealEngine/Projects/DisciplesOfTheGods/Content/TBS/Textures/UI/Game/Heroes/T_UI_HealingMob_Image.uasset" 474
"E:/UnrealEngine/Projects/DisciplesOfTheGods/Content/TBS/Textures/UI/Game/Heroes/T_UI_HealingMob_Image.uexp" 475
"E:/UnrealEngine/Projects/DisciplesOfTheGods/Content/TBS/Textures/UI/Game/Heroes/T_UI_HealingMob_Icon.uasset" 476
"E:/UnrealEngine/Projects/DisciplesOfTheGods/Content/TBS/Textures/UI/Game/Heroes/T_UI_HealingMob_Icon.uexp" 477
"E:/UnrealEngine/Projects/DisciplesOfTheGods/Content/TBS/Textures/UI/Game/Heroes/T_UI_GreenMob_RoundIcon.uasset" 478
"E:/UnrealEngine/Projects/DisciplesOfTheGods/Content/TBS/Textures/UI/Game/Heroes/T_UI_GreenMob_RoundIcon.uexp" 479
"E:/UnrealEngine/Projects/DisciplesOfTheGods/Content/TBS/Textures/UI/Game/Heroes/T_UI_GreenMob_Image.uasset" 480
"E:/UnrealEngine/Projects/DisciplesOfTheGods/Content/TBS/Textures/UI/Game/Heroes/T_UI_GreenMob_Image.uexp" 481
"E:/UnrealEngine/Projects/DisciplesOfTheGods/Content/TBS/Textures/UI/Game/Heroes/T_UI_GreenMob_Icon.uasset" 482
"E:/UnrealEngine/Projects/DisciplesOfTheGods/Content/TBS/Textures/UI/Game/Heroes/T_UI_GreenMob_Icon.uexp" 483
"E:/UnrealEngine/Projects/DisciplesOfTheGods/Content/TBS/Textures/UI/Game/Effects/T_UI_Effect_Shock.uasset" 484
"E:/UnrealEngine/Projects/DisciplesOfTheGods/Content/TBS/Textures/UI/Game/Effects/T_UI_Effect_Shock.uexp" 485
"E:/UnrealEngine/Projects/DisciplesOfTheGods/Content/TBS/Data/Gameplay/S_EffectResponse.uasset" 486
"E:/UnrealEngine/Projects/DisciplesOfTheGods/Content/TBS/Data/Gameplay/S_EffectResponse.uexp" 487
"E:/UnrealEngine/Projects/DisciplesOfTheGods/Content/TBS/Data/Gameplay/E_EffectTypes.uasset" 488
"E:/UnrealEngine/Projects/DisciplesOfTheGods/Content/TBS/Data/Gameplay/E_EffectTypes.uexp" 489
"E:/UnrealEngine/Projects/DisciplesOfTheGods/Content/TBS/Gameplay/Effects/BP_Effect_Base.uasset" 490
"E:/UnrealEngine/Projects/DisciplesOfTheGods/Content/TBS/Gameplay/Effects/BP_Effect_Base.uexp" 491
"E:/UnrealEngine/Projects/DisciplesOfTheGods/Content/TBS/Data/Gameplay/E_DamageTypes.uasset" 492
"E:/UnrealEngine/Projects/DisciplesOfTheGods/Content/TBS/Data/Gameplay/E_DamageTypes.uexp" 493
"E:/UnrealEngine/Projects/DisciplesOfTheGods/Content/TBS/Data/Gameplay/S_EffectMain.uasset" 494
"E:/UnrealEngine/Projects/DisciplesOfTheGods/Content/TBS/Data/Gameplay/S_EffectMain.uexp" 495
"E:/UnrealEngine/Projects/DisciplesOfTheGods/Content/TBS/Gameplay/Effects/BP_StackableEffect_Base.uasset" 496
"E:/UnrealEngine/Projects/DisciplesOfTheGods/Content/TBS/Gameplay/Effects/BP_StackableEffect_Base.uexp" 497
"E:/UnrealEngine/Projects/DisciplesOfTheGods/Content/TBS/Gameplay/Effects/BP_Effect_Test.uasset" 498
"E:/UnrealEngine/Projects/DisciplesOfTheGods/Content/TBS/Gameplay/Effects/BP_Effect_Test.uexp" 499
"E:/UnrealEngine/Projects/DisciplesOfTheGods/Content/TBS/Gameplay/Effects/BP_Effect_Shock.uasset" 500
"E:/UnrealEngine/Projects/DisciplesOfTheGods/Content/TBS/Gameplay/Effects/BP_Effect_Shock.uexp" 501
"E:/UnrealEngine/Projects/DisciplesOfTheGods/Content/InfinityBladeEffects/Effects/FX_Textures/Gradient/T_BlastHalf.uasset" 502
"E:/UnrealEngine/Projects/DisciplesOfTheGods/Content/InfinityBladeEffects/Effects/FX_Textures/Gradient/T_BlastHalf.uexp" 503
"E:/UnrealEngine/Projects/DisciplesOfTheGods/Content/InfinityBladeEffects/Effects/FX_Textures/Gradient/T_BlastHalf.ubulk" 504
"E:/UnrealEngine/Projects/DisciplesOfTheGods/Content/TBS/Data/Gameplay/DT_EFFECTS.uasset" 505
"E:/UnrealEngine/Projects/DisciplesOfTheGods/Content/TBS/Data/Gameplay/DT_EFFECTS.uexp" 506
"E:/UnrealEngine/Projects/DisciplesOfTheGods/Content/TBS/Data/Gameplay/S_HeroEffect.uasset" 507
"E:/UnrealEngine/Projects/DisciplesOfTheGods/Content/TBS/Data/Gameplay/S_HeroEffect.uexp" 508
"E:/UnrealEngine/Projects/DisciplesOfTheGods/Content/TBS/Data/Gameplay/E_ReachTypes.uasset" 509
"E:/UnrealEngine/Projects/DisciplesOfTheGods/Content/TBS/Data/Gameplay/E_ReachTypes.uexp" 510
"E:/UnrealEngine/Projects/DisciplesOfTheGods/Content/TBS/Data/Gameplay/E_HeroClasses.uasset" 511
"E:/UnrealEngine/Projects/DisciplesOfTheGods/Content/TBS/Data/Gameplay/E_HeroClasses.uexp" 512
"E:/UnrealEngine/Projects/DisciplesOfTheGods/Content/TBS/Data/Gameplay/E_TargetAmount.uasset" 513
"E:/UnrealEngine/Projects/DisciplesOfTheGods/Content/TBS/Data/Gameplay/E_TargetAmount.uexp" 514
"E:/UnrealEngine/Projects/DisciplesOfTheGods/Content/TBS/Data/Gameplay/S_HeroData.uasset" 515
"E:/UnrealEngine/Projects/DisciplesOfTheGods/Content/TBS/Data/Gameplay/S_HeroData.uexp" 516
"E:/UnrealEngine/Projects/DisciplesOfTheGods/Content/TBS/Data/Gameplay/DT_HEROES.uasset" 517
"E:/UnrealEngine/Projects/DisciplesOfTheGods/Content/TBS/Data/Gameplay/DT_HEROES.uexp" 518
"E:/UnrealEngine/Projects/DisciplesOfTheGods/Content/TBS/Data/Gameplay/S_HeroGameplayStats.uasset" 519
"E:/UnrealEngine/Projects/DisciplesOfTheGods/Content/TBS/Data/Gameplay/S_HeroGameplayStats.uexp" 520
"E:/UnrealEngine/Projects/DisciplesOfTheGods/Content/TBS/Data/Gameplay/S_AttackResult.uasset" 521
"E:/UnrealEngine/Projects/DisciplesOfTheGods/Content/TBS/Data/Gameplay/S_AttackResult.uexp" 522
"E:/UnrealEngine/Projects/DisciplesOfTheGods/Content/TBS/Data/Gameplay/E_EffectReaction.uasset" 523
"E:/UnrealEngine/Projects/DisciplesOfTheGods/Content/TBS/Data/Gameplay/E_EffectReaction.uexp" 524
"E:/UnrealEngine/Projects/DisciplesOfTheGods/Content/Debug/W_ErrorWidget.uasset" 525
"E:/UnrealEngine/Projects/DisciplesOfTheGods/Content/Debug/W_ErrorWidget.uexp" 526
"E:/UnrealEngine/Projects/DisciplesOfTheGods/Content/TBS/Gameplay/BPF_GameLib.uasset" 527
"E:/UnrealEngine/Projects/DisciplesOfTheGods/Content/TBS/Gameplay/BPF_GameLib.uexp" 528
"E:/UnrealEngine/Projects/DisciplesOfTheGods/Content/TBS/Data/Gameplay/E_TargetTypes.uasset" 529
"E:/UnrealEngine/Projects/DisciplesOfTheGods/Content/TBS/Data/Gameplay/E_TargetTypes.uexp" 530
"E:/UnrealEngine/Projects/DisciplesOfTheGods/Content/TBS/Interfaces/BPI_PlayerGroupController.uasset" 531
"E:/UnrealEngine/Projects/DisciplesOfTheGods/Content/TBS/Interfaces/BPI_PlayerGroupController.uexp" 532
"E:/UnrealEngine/Projects/DisciplesOfTheGods/Content/TBS/Interfaces/BPI_GameMode.uasset" 533
"E:/UnrealEngine/Projects/DisciplesOfTheGods/Content/TBS/Interfaces/BPI_GameMode.uexp" 534
"E:/UnrealEngine/Projects/DisciplesOfTheGods/Content/TBS/Interfaces/BPI_GameHUD.uasset" 535
"E:/UnrealEngine/Projects/DisciplesOfTheGods/Content/TBS/Interfaces/BPI_GameHUD.uexp" 536
"E:/UnrealEngine/Projects/DisciplesOfTheGods/Content/TBS/Data/Gameplay/S_GameStateUnits.uasset" 537
"E:/UnrealEngine/Projects/DisciplesOfTheGods/Content/TBS/Data/Gameplay/S_GameStateUnits.uexp" 538
"E:/UnrealEngine/Projects/DisciplesOfTheGods/Content/TBS/Interfaces/BPI_GameState.uasset" 539
"E:/UnrealEngine/Projects/DisciplesOfTheGods/Content/TBS/Interfaces/BPI_GameState.uexp" 540
"E:/UnrealEngine/Projects/DisciplesOfTheGods/Content/TBS/UI/T_VirtualJoystick_Thumb.uasset" 541
"E:/UnrealEngine/Projects/DisciplesOfTheGods/Content/TBS/UI/T_VirtualJoystick_Thumb.uexp" 542
"E:/UnrealEngine/Projects/DisciplesOfTheGods/Content/TBS/UI/T_VirtualJoystick_Background.uasset" 543
"E:/UnrealEngine/Projects/DisciplesOfTheGods/Content/TBS/UI/T_VirtualJoystick_Background.uexp" 544
"E:/UnrealEngine/Projects/DisciplesOfTheGods/Content/TBS/UI/TouchInterface.uasset" 545
"E:/UnrealEngine/Projects/DisciplesOfTheGods/Content/TBS/UI/TouchInterface.uexp" 546
"E:/UnrealEngine/Projects/DisciplesOfTheGods/Content/TBS/Interfaces/BPI_TBSPawn.uasset" 547
"E:/UnrealEngine/Projects/DisciplesOfTheGods/Content/TBS/Interfaces/BPI_TBSPawn.uexp" 548
"E:/UnrealEngine/Projects/DisciplesOfTheGods/Content/TBS/Textures/UI/Game/GroupWidgets/T_UI_MainUnitInfo.uasset" 549
"E:/UnrealEngine/Projects/DisciplesOfTheGods/Content/TBS/Textures/UI/Game/GroupWidgets/T_UI_MainUnitInfo.uexp" 550
"E:/UnrealEngine/Projects/DisciplesOfTheGods/Content/TBS/Fonts/FF_Main.uasset" 551
"E:/UnrealEngine/Projects/DisciplesOfTheGods/Content/TBS/Fonts/FF_Main.uexp" 552
"E:/UnrealEngine/Projects/DisciplesOfTheGods/Content/TBS/Fonts/FF_Main.ufont" 553
"E:/UnrealEngine/Projects/DisciplesOfTheGods/Content/TBS/Fonts/Font_Main.uasset" 554
"E:/UnrealEngine/Projects/DisciplesOfTheGods/Content/TBS/Fonts/Font_Main.uexp" 555
"E:/UnrealEngine/Projects/DisciplesOfTheGods/Content/TBS/UI/Game/W_UnitInfoWidget.uasset" 556
"E:/UnrealEngine/Projects/DisciplesOfTheGods/Content/TBS/UI/Game/W_UnitInfoWidget.uexp" 557
"E:/UnrealEngine/Projects/DisciplesOfTheGods/Content/TBS/Textures/UI/Game/GroupWidgets/T_UI_SlotBackground_BigUnit.uasset" 558
"E:/UnrealEngine/Projects/DisciplesOfTheGods/Content/TBS/Textures/UI/Game/GroupWidgets/T_UI_SlotBackground_BigUnit.uexp" 559
"E:/UnrealEngine/Projects/DisciplesOfTheGods/Content/TBS/Textures/UI/Game/GroupWidgets/T_UI_SlotBackground.uasset" 560
"E:/UnrealEngine/Projects/DisciplesOfTheGods/Content/TBS/Textures/UI/Game/GroupWidgets/T_UI_SlotBackground.uexp" 561
"E:/UnrealEngine/Projects/DisciplesOfTheGods/Content/TBS/Data/Gameplay/MPC_InterfaceBackground.uasset" 562
"E:/UnrealEngine/Projects/DisciplesOfTheGods/Content/TBS/Data/Gameplay/MPC_InterfaceBackground.uexp" 563
"E:/UnrealEngine/Projects/DisciplesOfTheGods/Content/TBS/UI/Game/W_SlotBackground.uasset" 564
"E:/UnrealEngine/Projects/DisciplesOfTheGods/Content/TBS/UI/Game/W_SlotBackground.uexp" 565
"E:/UnrealEngine/Projects/DisciplesOfTheGods/Content/TBS/Textures/UI/Game/GroupWidgets/T_UI_SlotsBackground_AllTargets.uasset" 566
"E:/UnrealEngine/Projects/DisciplesOfTheGods/Content/TBS/Textures/UI/Game/GroupWidgets/T_UI_SlotsBackground_AllTargets.uexp" 567
"E:/UnrealEngine/Projects/DisciplesOfTheGods/Content/TBS/UI/Game/W_GroupBackground.uasset" 568
"E:/UnrealEngine/Projects/DisciplesOfTheGods/Content/TBS/UI/Game/W_GroupBackground.uexp" 569
"E:/UnrealEngine/Projects/DisciplesOfTheGods/Content/TBS/Textures/UI/Game/GroupWidgets/T_UI_HealthBack.uasset" 570
"E:/UnrealEngine/Projects/DisciplesOfTheGods/Content/TBS/Textures/UI/Game/GroupWidgets/T_UI_HealthBack.uexp" 571
"E:/UnrealEngine/Projects/DisciplesOfTheGods/Content/TBS/Textures/UI/Game/GroupWidgets/T_UI_GroupSlot_Health.uasset" 572
"E:/UnrealEngine/Projects/DisciplesOfTheGods/Content/TBS/Textures/UI/Game/GroupWidgets/T_UI_GroupSlot_Health.uexp" 573
"E:/UnrealEngine/Projects/DisciplesOfTheGods/Content/TBS/Textures/UI/Game/GroupWidgets/T_UI_GroupSlot.uasset" 574
"E:/UnrealEngine/Projects/DisciplesOfTheGods/Content/TBS/Textures/UI/Game/GroupWidgets/T_UI_GroupSlot.uexp" 575
"E:/UnrealEngine/Projects/DisciplesOfTheGods/Content/TBS/Textures/UI/Game/GroupWidgets/T_UI_GroupBigBorder.uasset" 576
"E:/UnrealEngine/Projects/DisciplesOfTheGods/Content/TBS/Textures/UI/Game/GroupWidgets/T_UI_GroupBigBorder.uexp" 577
"E:/UnrealEngine/Projects/DisciplesOfTheGods/Content/TBS/Textures/UI/Game/GroupWidgets/T_UI_DefStatus.uasset" 578
"E:/UnrealEngine/Projects/DisciplesOfTheGods/Content/TBS/Textures/UI/Game/GroupWidgets/T_UI_DefStatus.uexp" 579
"E:/UnrealEngine/Projects/DisciplesOfTheGods/Content/TBS/Textures/UI/Game/GroupWidgets/T_UI_DeathIcon_SmallUnit.uasset" 580
"E:/UnrealEngine/Projects/DisciplesOfTheGods/Content/TBS/Textures/UI/Game/GroupWidgets/T_UI_DeathIcon_SmallUnit.uexp" 581
"E:/UnrealEngine/Projects/DisciplesOfTheGods/Content/TBS/Textures/UI/Game/GroupWidgets/T_UI_DeathIcon_BigUnit.uasset" 582
"E:/UnrealEngine/Projects/DisciplesOfTheGods/Content/TBS/Textures/UI/Game/GroupWidgets/T_UI_DeathIcon_BigUnit.uexp" 583
"E:/UnrealEngine/Projects/DisciplesOfTheGods/Content/TBS/Textures/UI/Game/GroupWidgets/T_UI_Border.uasset" 584
"E:/UnrealEngine/Projects/DisciplesOfTheGods/Content/TBS/Textures/UI/Game/GroupWidgets/T_UI_Border.uexp" 585
"E:/UnrealEngine/Projects/DisciplesOfTheGods/Content/TBS/Fonts/FF_BattleText.uasset" 586
"E:/UnrealEngine/Projects/DisciplesOfTheGods/Content/TBS/Fonts/FF_BattleText.uexp" 587
"E:/UnrealEngine/Projects/DisciplesOfTheGods/Content/TBS/Fonts/FF_BattleText.ufont" 588
"E:/UnrealEngine/Projects/DisciplesOfTheGods/Content/TBS/Fonts/Font_BattleText.uasset" 589
"E:/UnrealEngine/Projects/DisciplesOfTheGods/Content/TBS/Fonts/Font_BattleText.uexp" 590
"E:/UnrealEngine/Projects/DisciplesOfTheGods/Content/TBS/UI/Game/W_GroupSlot.uasset" 591
"E:/UnrealEngine/Projects/DisciplesOfTheGods/Content/TBS/UI/Game/W_GroupSlot.uexp" 592
"E:/UnrealEngine/Projects/DisciplesOfTheGods/Content/TBS/Textures/UI/Game/GroupWidgets/T_UI_LittleCryst.uasset" 593
"E:/UnrealEngine/Projects/DisciplesOfTheGods/Content/TBS/Textures/UI/Game/GroupWidgets/T_UI_LittleCryst.uexp" 594
"E:/UnrealEngine/Projects/DisciplesOfTheGods/Content/TBS/Textures/UI/Game/GroupWidgets/T_UI_GroupBorder.uasset" 595
"E:/UnrealEngine/Projects/DisciplesOfTheGods/Content/TBS/Textures/UI/Game/GroupWidgets/T_UI_GroupBorder.uexp" 596
"E:/UnrealEngine/Projects/DisciplesOfTheGods/Content/TBS/UI/Game/W_Group.uasset" 597
"E:/UnrealEngine/Projects/DisciplesOfTheGods/Content/TBS/UI/Game/W_Group.uexp" 598
"E:/UnrealEngine/Projects/DisciplesOfTheGods/Content/TBS/Textures/UI/Game/GamePanel/T_UI_SelectedChar_Right.uasset" 599
"E:/UnrealEngine/Projects/DisciplesOfTheGods/Content/TBS/Textures/UI/Game/GamePanel/T_UI_SelectedChar_Right.uexp" 600
"E:/UnrealEngine/Projects/DisciplesOfTheGods/Content/TBS/Textures/UI/Game/GamePanel/T_UI_SelectedChar_None.uasset" 601
"E:/UnrealEngine/Projects/DisciplesOfTheGods/Content/TBS/Textures/UI/Game/GamePanel/T_UI_SelectedChar_None.uexp" 602
"E:/UnrealEngine/Projects/DisciplesOfTheGods/Content/TBS/Textures/UI/Game/GamePanel/T_UI_SelectedChar_Left.uasset" 603
"E:/UnrealEngine/Projects/DisciplesOfTheGods/Content/TBS/Textures/UI/Game/GamePanel/T_UI_SelectedChar_Left.uexp" 604
"E:/UnrealEngine/Projects/DisciplesOfTheGods/Content/TBS/UI/Game/W_SelectedCharPanel.uasset" 605
"E:/UnrealEngine/Projects/DisciplesOfTheGods/Content/TBS/UI/Game/W_SelectedCharPanel.uexp" 606
"E:/UnrealEngine/Projects/DisciplesOfTheGods/Content/TBS/Textures/UI/Game/GamePanel/T_UI_GamePanel.uasset" 607
"E:/UnrealEngine/Projects/DisciplesOfTheGods/Content/TBS/Textures/UI/Game/GamePanel/T_UI_GamePanel.uexp" 608
"E:/UnrealEngine/Projects/DisciplesOfTheGods/Content/TBS/Textures/UI/Game/GamePanel/T_UI_Button_Wait.uasset" 609
"E:/UnrealEngine/Projects/DisciplesOfTheGods/Content/TBS/Textures/UI/Game/GamePanel/T_UI_Button_Wait.uexp" 610
"E:/UnrealEngine/Projects/DisciplesOfTheGods/Content/TBS/Textures/UI/Game/GamePanel/T_UI_Button_Menu.uasset" 611
"E:/UnrealEngine/Projects/DisciplesOfTheGods/Content/TBS/Textures/UI/Game/GamePanel/T_UI_Button_Menu.uexp" 612
"E:/UnrealEngine/Projects/DisciplesOfTheGods/Content/TBS/Textures/UI/Game/GamePanel/T_UI_Button_Def.uasset" 613
"E:/UnrealEngine/Projects/DisciplesOfTheGods/Content/TBS/Textures/UI/Game/GamePanel/T_UI_Button_Def.uexp" 614
"E:/UnrealEngine/Projects/DisciplesOfTheGods/Content/TBS/Textures/UI/Game/GamePanel/T_UI_Button_CameraMode.uasset" 615
"E:/UnrealEngine/Projects/DisciplesOfTheGods/Content/TBS/Textures/UI/Game/GamePanel/T_UI_Button_CameraMode.uexp" 616
"E:/UnrealEngine/Projects/DisciplesOfTheGods/Content/TBS/Textures/UI/Game/GamePanel/T_UI_Button_Auto.uasset" 617
"E:/UnrealEngine/Projects/DisciplesOfTheGods/Content/TBS/Textures/UI/Game/GamePanel/T_UI_Button_Auto.uexp" 618
"E:/UnrealEngine/Projects/DisciplesOfTheGods/Content/TBS/Data/MainData/E_MatchMode.uasset" 619
"E:/UnrealEngine/Projects/DisciplesOfTheGods/Content/TBS/Data/MainData/E_MatchMode.uexp" 620
"E:/UnrealEngine/Projects/DisciplesOfTheGods/Content/TBS/Data/Gameplay/S_BattleGroup.uasset" 621
"E:/UnrealEngine/Projects/DisciplesOfTheGods/Content/TBS/Data/Gameplay/S_BattleGroup.uexp" 622
"E:/UnrealEngine/Projects/DisciplesOfTheGods/Content/Editor/UsualMob/SkeletalMesh/SK_Mannequin_UE4_WithWeapon_PhysicsAsset.uasset" 623
"E:/UnrealEngine/Projects/DisciplesOfTheGods/Content/Editor/UsualMob/SkeletalMesh/SK_Mannequin_UE4_WithWeapon_PhysicsAsset.uexp" 624
"E:/UnrealEngine/Projects/DisciplesOfTheGods/Content/Editor/GreenMob/Character/Textures/T_Male_N.uasset" 625
"E:/UnrealEngine/Projects/DisciplesOfTheGods/Content/Editor/GreenMob/Character/Textures/T_Male_N.uexp" 626
"E:/UnrealEngine/Projects/DisciplesOfTheGods/Content/Editor/GreenMob/Character/Textures/T_Male_N.ubulk" 627
"E:/UnrealEngine/Projects/DisciplesOfTheGods/Content/Editor/UsualMob/Materials/M_UsualMob_Sword.uasset" 628
"E:/UnrealEngine/Projects/DisciplesOfTheGods/Content/Editor/UsualMob/Materials/M_UsualMob_Sword.uexp" 629
"E:/UnrealEngine/Projects/DisciplesOfTheGods/Content/Editor/UsualMob/Textures/UE4Man_Logo_N.uasset" 630
"E:/UnrealEngine/Projects/DisciplesOfTheGods/Content/Editor/UsualMob/Textures/UE4Man_Logo_N.uexp" 631
"E:/UnrealEngine/Projects/DisciplesOfTheGods/Content/Editor/UsualMob/Textures/UE4Man_Logo_N.ubulk" 632
"E:/UnrealEngine/Projects/DisciplesOfTheGods/Content/Editor/UsualMob/Textures/UE4_Mannequin_occlusion_Mobile.uasset" 633
"E:/UnrealEngine/Projects/DisciplesOfTheGods/Content/Editor/UsualMob/Textures/UE4_Mannequin_occlusion_Mobile.uexp" 634
"E:/UnrealEngine/Projects/DisciplesOfTheGods/Content/Editor/UsualMob/Textures/UE4_Mannequin_occlusion_Mobile.ubulk" 635
"E:/UnrealEngine/Projects/DisciplesOfTheGods/Content/Editor/UsualMob/Textures/UE4_Mannequin_MAT_MASKA.uasset" 636
"E:/UnrealEngine/Projects/DisciplesOfTheGods/Content/Editor/UsualMob/Textures/UE4_Mannequin_MAT_MASKA.uexp" 637
"E:/UnrealEngine/Projects/DisciplesOfTheGods/Content/Editor/UsualMob/Textures/UE4_Mannequin_MAT_MASKA.ubulk" 638
"E:/UnrealEngine/Projects/DisciplesOfTheGods/Content/Editor/UsualMob/Textures/UE4_Mannequin__normals.uasset" 639
"E:/UnrealEngine/Projects/DisciplesOfTheGods/Content/Editor/UsualMob/Textures/UE4_Mannequin__normals.uexp" 640
"E:/UnrealEngine/Projects/DisciplesOfTheGods/Content/Editor/UsualMob/Textures/UE4_Mannequin__normals.ubulk" 641
"E:/UnrealEngine/Projects/DisciplesOfTheGods/Content/Editor/UsualMob/Textures/UE4_LOGO_CARD.uasset" 642
"E:/UnrealEngine/Projects/DisciplesOfTheGods/Content/Editor/UsualMob/Textures/UE4_LOGO_CARD.uexp" 643
"E:/UnrealEngine/Projects/DisciplesOfTheGods/Content/Editor/UsualMob/Textures/UE4_LOGO_CARD.ubulk" 644
"E:/UnrealEngine/Projects/DisciplesOfTheGods/Content/Editor/UsualMob/Materials/MaterialLayers/T_ML_Rubber_Blue_01_N.uasset" 645
"E:/UnrealEngine/Projects/DisciplesOfTheGods/Content/Editor/UsualMob/Materials/MaterialLayers/T_ML_Rubber_Blue_01_N.uexp" 646
"E:/UnrealEngine/Projects/DisciplesOfTheGods/Content/Editor/UsualMob/Materials/MaterialLayers/T_ML_Rubber_Blue_01_N.ubulk" 647
"E:/UnrealEngine/Projects/DisciplesOfTheGods/Content/Editor/UsualMob/Materials/MaterialLayers/T_ML_Rubber_Blue_01_D.uasset" 648
"E:/UnrealEngine/Projects/DisciplesOfTheGods/Content/Editor/UsualMob/Materials/MaterialLayers/T_ML_Rubber_Blue_01_D.uexp" 649
"E:/UnrealEngine/Projects/DisciplesOfTheGods/Content/Editor/UsualMob/Materials/MaterialLayers/T_ML_Rubber_Blue_01_D.ubulk" 650
"E:/UnrealEngine/Projects/DisciplesOfTheGods/Content/Editor/UsualMob/Materials/MaterialLayers/T_ML_Aluminum01_N.uasset" 651
"E:/UnrealEngine/Projects/DisciplesOfTheGods/Content/Editor/UsualMob/Materials/MaterialLayers/T_ML_Aluminum01_N.uexp" 652
"E:/UnrealEngine/Projects/DisciplesOfTheGods/Content/Editor/UsualMob/Materials/MaterialLayers/T_ML_Aluminum01_N.ubulk" 653
"E:/UnrealEngine/Projects/DisciplesOfTheGods/Content/Editor/UsualMob/Materials/MaterialLayers/T_ML_Aluminum01.uasset" 654
"E:/UnrealEngine/Projects/DisciplesOfTheGods/Content/Editor/UsualMob/Materials/MaterialLayers/T_ML_Aluminum01.uexp" 655
"E:/UnrealEngine/Projects/DisciplesOfTheGods/Content/Editor/UsualMob/Materials/MaterialLayers/T_ML_Aluminum01.ubulk" 656
"../../../Engine/Content/Functions/Engine_MaterialFunctions02/Utility/BlendAngleCorrectedNormals.uasset" 657
"../../../Engine/Content/Functions/Engine_MaterialFunctions02/Utility/BlendAngleCorrectedNormals.uexp" 658
"../../../Engine/Content/Functions/MaterialLayerFunctions/MatLayerBlend_NormalBlend.uasset" 659
"../../../Engine/Content/Functions/MaterialLayerFunctions/MatLayerBlend_NormalBlend.uexp" 660
"../../../Engine/Content/Functions/MaterialLayerFunctions/MatLayerBlend_Simple.uasset" 661
"../../../Engine/Content/Functions/MaterialLayerFunctions/MatLayerBlend_Simple.uexp" 662
"E:/UnrealEngine/Projects/DisciplesOfTheGods/Content/Editor/UsualMob/Materials/MaterialLayers/ML_SoftMetal_UE4.uasset" 663
"E:/UnrealEngine/Projects/DisciplesOfTheGods/Content/Editor/UsualMob/Materials/MaterialLayers/ML_SoftMetal_UE4.uexp" 664
"E:/UnrealEngine/Projects/DisciplesOfTheGods/Content/Editor/UsualMob/Materials/MaterialLayers/ML_Plastic_Shiny_Beige_LOGO.uasset" 665
"E:/UnrealEngine/Projects/DisciplesOfTheGods/Content/Editor/UsualMob/Materials/MaterialLayers/ML_Plastic_Shiny_Beige_LOGO.uexp" 666
"E:/UnrealEngine/Projects/DisciplesOfTheGods/Content/Editor/UsualMob/Materials/MaterialLayers/ML_Plastic_Shiny_Beige.uasset" 667
"E:/UnrealEngine/Projects/DisciplesOfTheGods/Content/Editor/UsualMob/Materials/MaterialLayers/ML_Plastic_Shiny_Beige.uexp" 668
"E:/UnrealEngine/Projects/DisciplesOfTheGods/Content/Editor/UsualMob/Materials/MaterialLayers/ML_GlossyBlack_Latex_UE4.uasset" 669
"E:/UnrealEngine/Projects/DisciplesOfTheGods/Content/Editor/UsualMob/Materials/MaterialLayers/ML_GlossyBlack_Latex_UE4.uexp" 670
"../../../Engine/Content/Functions/MaterialLayerFunctions/MatLayerBlend_AO.uasset" 671
"../../../Engine/Content/Functions/MaterialLayerFunctions/MatLayerBlend_AO.uexp" 672
"E:/UnrealEngine/Projects/DisciplesOfTheGods/Content/Editor/UsualMob/Materials/M_UE4Man_Body.uasset" 673
"E:/UnrealEngine/Projects/DisciplesOfTheGods/Content/Editor/UsualMob/Materials/M_UE4Man_Body.uexp" 674
"E:/UnrealEngine/Projects/DisciplesOfTheGods/Content/Editor/UsualMob/Materials/M_UE4Man_ChestLogo.uasset" 675
"E:/UnrealEngine/Projects/DisciplesOfTheGods/Content/Editor/UsualMob/Materials/M_UE4Man_ChestLogo.uexp" 676
"E:/UnrealEngine/Projects/DisciplesOfTheGods/Content/Editor/GreenMob/Character/Textures/T_Male_Mask.uasset" 677
"E:/UnrealEngine/Projects/DisciplesOfTheGods/Content/Editor/GreenMob/Character/Textures/T_Male_Mask.uexp" 678
"E:/UnrealEngine/Projects/DisciplesOfTheGods/Content/Editor/GreenMob/Character/Textures/T_Male_Mask.ubulk" 679
"E:/UnrealEngine/Projects/DisciplesOfTheGods/Content/Editor/MM_UnitBase.uasset" 680
"E:/UnrealEngine/Projects/DisciplesOfTheGods/Content/Editor/MM_UnitBase.uexp" 681
"E:/UnrealEngine/Projects/DisciplesOfTheGods/Content/Editor/UsualMob/Materials/MI_UsualUnit.uasset" 682
"E:/UnrealEngine/Projects/DisciplesOfTheGods/Content/Editor/UsualMob/Materials/MI_UsualUnit.uexp" 683
"../../../Engine/Content/EngineMeshes/Humanoid.uasset" 684
"../../../Engine/Content/EngineMeshes/Humanoid.uexp" 685
"E:/UnrealEngine/Projects/DisciplesOfTheGods/Content/Editor/UsualMob/SkeletalMesh/SK_Mannequin_UE4_WithWeapon_Skeleton.uasset" 686
"E:/UnrealEngine/Projects/DisciplesOfTheGods/Content/Editor/UsualMob/SkeletalMesh/SK_Mannequin_UE4_WithWeapon_Skeleton.uexp" 687
"E:/UnrealEngine/Projects/DisciplesOfTheGods/Content/Editor/UsualMob/SkeletalMesh/SK_Mannequin_UE4_WithWeapon.uasset" 688
"E:/UnrealEngine/Projects/DisciplesOfTheGods/Content/Editor/UsualMob/SkeletalMesh/SK_Mannequin_UE4_WithWeapon.uexp" 689
"../../../Engine/Content/Animation/DefaultAnimCurveCompressionSettings.uasset" 690
"../../../Engine/Content/Animation/DefaultAnimCurveCompressionSettings.uexp" 691
"../../../Engine/Content/Animation/DefaultAnimBoneCompressionSettings.uasset" 692
"../../../Engine/Content/Animation/DefaultAnimBoneCompressionSettings.uexp" 693
"E:/UnrealEngine/Projects/DisciplesOfTheGods/Content/Editor/UsualMob/Animations/UsualMob_Idle_Anim.uasset" 694
"E:/UnrealEngine/Projects/DisciplesOfTheGods/Content/Editor/UsualMob/Animations/UsualMob_Idle_Anim.uexp" 695
"E:/UnrealEngine/Projects/DisciplesOfTheGods/Content/Editor/UsualMob/Animations/AnimBP_UsualMob.uasset" 696
"E:/UnrealEngine/Projects/DisciplesOfTheGods/Content/Editor/UsualMob/Animations/AnimBP_UsualMob.uexp" 697
"E:/UnrealEngine/Projects/DisciplesOfTheGods/Content/Editor/UsualMob/Animations/UsualMob_Hit_Anim.uasset" 698
"E:/UnrealEngine/Projects/DisciplesOfTheGods/Content/Editor/UsualMob/Animations/UsualMob_Hit_Anim.uexp" 699
"E:/UnrealEngine/Projects/DisciplesOfTheGods/Content/Editor/UsualMob/Animations/AM_UsualMob_Hit.uasset" 700
"E:/UnrealEngine/Projects/DisciplesOfTheGods/Content/Editor/UsualMob/Animations/AM_UsualMob_Hit.uexp" 701
"E:/UnrealEngine/Projects/DisciplesOfTheGods/Content/Editor/UsualMob/Animations/UsualMob_Attack_Anim.uasset" 702
"E:/UnrealEngine/Projects/DisciplesOfTheGods/Content/Editor/UsualMob/Animations/UsualMob_Attack_Anim.uexp" 703
"E:/UnrealEngine/Projects/DisciplesOfTheGods/Content/Editor/UsualMob/Animations/AM_UsualMob_Attack.uasset" 704
"E:/UnrealEngine/Projects/DisciplesOfTheGods/Content/Editor/UsualMob/Animations/AM_UsualMob_Attack.uexp" 705
"E:/UnrealEngine/Projects/DisciplesOfTheGods/Content/TBS/Gameplay/Characters/BP_Hero_Usual.uasset" 706
"E:/UnrealEngine/Projects/DisciplesOfTheGods/Content/TBS/Gameplay/Characters/BP_Hero_Usual.uexp" 707
"E:/UnrealEngine/Projects/DisciplesOfTheGods/Content/Editor/GreenMob/Character/Materials/MI_GreenUnit.uasset" 708
"E:/UnrealEngine/Projects/DisciplesOfTheGods/Content/Editor/GreenMob/Character/Materials/MI_GreenUnit.uexp" 709
"E:/UnrealEngine/Projects/DisciplesOfTheGods/Content/Editor/GreenMob/Character/Textures/T_UE4Logo_N.uasset" 710
"E:/UnrealEngine/Projects/DisciplesOfTheGods/Content/Editor/GreenMob/Character/Textures/T_UE4Logo_N.uexp" 711
"E:/UnrealEngine/Projects/DisciplesOfTheGods/Content/Editor/GreenMob/Character/Textures/T_UE4Logo_N.ubulk" 712
"E:/UnrealEngine/Projects/DisciplesOfTheGods/Content/Editor/GreenMob/Character/Textures/T_UE4Logo_Mask.uasset" 713
"E:/UnrealEngine/Projects/DisciplesOfTheGods/Content/Editor/GreenMob/Character/Textures/T_UE4Logo_Mask.uexp" 714
"E:/UnrealEngine/Projects/DisciplesOfTheGods/Content/Editor/GreenMob/Character/Textures/T_UE4Logo_Mask.ubulk" 715
"E:/UnrealEngine/Projects/DisciplesOfTheGods/Content/Editor/GreenMob/Character/Materials/MaterialLayers/T_ML_Rubber_Blue_01_N.uasset" 716
"E:/UnrealEngine/Projects/DisciplesOfTheGods/Content/Editor/GreenMob/Character/Materials/MaterialLayers/T_ML_Rubber_Blue_01_N.uexp" 717
"E:/UnrealEngine/Projects/DisciplesOfTheGods/Content/Editor/GreenMob/Character/Materials/MaterialLayers/T_ML_Rubber_Blue_01_N.ubulk" 718
"E:/UnrealEngine/Projects/DisciplesOfTheGods/Content/Editor/GreenMob/Character/Materials/MaterialLayers/T_ML_Rubber_Blue_01_D.uasset" 719
"E:/UnrealEngine/Projects/DisciplesOfTheGods/Content/Editor/GreenMob/Character/Materials/MaterialLayers/T_ML_Rubber_Blue_01_D.uexp" 720
"E:/UnrealEngine/Projects/DisciplesOfTheGods/Content/Editor/GreenMob/Character/Materials/MaterialLayers/T_ML_Rubber_Blue_01_D.ubulk" 721
"E:/UnrealEngine/Projects/DisciplesOfTheGods/Content/Editor/GreenMob/Character/Materials/MaterialLayers/T_ML_Aluminum01_N.uasset" 722
"E:/UnrealEngine/Projects/DisciplesOfTheGods/Content/Editor/GreenMob/Character/Materials/MaterialLayers/T_ML_Aluminum01_N.uexp" 723
"E:/UnrealEngine/Projects/DisciplesOfTheGods/Content/Editor/GreenMob/Character/Materials/MaterialLayers/T_ML_Aluminum01_N.ubulk" 724
"E:/UnrealEngine/Projects/DisciplesOfTheGods/Content/Editor/GreenMob/Character/Materials/MaterialLayers/T_ML_Aluminum01.uasset" 725
"E:/UnrealEngine/Projects/DisciplesOfTheGods/Content/Editor/GreenMob/Character/Materials/MaterialLayers/T_ML_Aluminum01.uexp" 726
"E:/UnrealEngine/Projects/DisciplesOfTheGods/Content/Editor/GreenMob/Character/Materials/MaterialLayers/T_ML_Aluminum01.ubulk" 727
"E:/UnrealEngine/Projects/DisciplesOfTheGods/Content/Editor/GreenMob/Character/Materials/MaterialLayers/ML_Plastic_Shiny_Beige_LOGO.uasset" 728
"E:/UnrealEngine/Projects/DisciplesOfTheGods/Content/Editor/GreenMob/Character/Materials/MaterialLayers/ML_Plastic_Shiny_Beige_LOGO.uexp" 729
"E:/UnrealEngine/Projects/DisciplesOfTheGods/Content/Editor/GreenMob/Character/Materials/MaterialLayers/ML_SoftMetal_UE4.uasset" 730
"E:/UnrealEngine/Projects/DisciplesOfTheGods/Content/Editor/GreenMob/Character/Materials/MaterialLayers/ML_SoftMetal_UE4.uexp" 731
"E:/UnrealEngine/Projects/DisciplesOfTheGods/Content/Editor/GreenMob/Character/Materials/MaterialLayers/ML_GlossyBlack_Latex_UE4.uasset" 732
"E:/UnrealEngine/Projects/DisciplesOfTheGods/Content/Editor/GreenMob/Character/Materials/MaterialLayers/ML_GlossyBlack_Latex_UE4.uexp" 733
"E:/UnrealEngine/Projects/DisciplesOfTheGods/Content/Editor/GreenMob/Character/Materials/MaterialLayers/ML_Plastic_Shiny_Beige.uasset" 734
"E:/UnrealEngine/Projects/DisciplesOfTheGods/Content/Editor/GreenMob/Character/Materials/MaterialLayers/ML_Plastic_Shiny_Beige.uexp" 735
"E:/UnrealEngine/Projects/DisciplesOfTheGods/Content/Editor/GreenMob/Character/Materials/M_Male_Body.uasset" 736
"E:/UnrealEngine/Projects/DisciplesOfTheGods/Content/Editor/GreenMob/Character/Materials/M_Male_Body.uexp" 737
"E:/UnrealEngine/Projects/DisciplesOfTheGods/Content/Editor/GreenMob/Character/Materials/M_UE4Man_ChestLogo.uasset" 738
"E:/UnrealEngine/Projects/DisciplesOfTheGods/Content/Editor/GreenMob/Character/Materials/M_UE4Man_ChestLogo.uexp" 739
"E:/UnrealEngine/Projects/DisciplesOfTheGods/Content/Editor/GreenMob/Character/Mesh/UE4_Mannequin_Skeleton.uasset" 740
"E:/UnrealEngine/Projects/DisciplesOfTheGods/Content/Editor/GreenMob/Character/Mesh/UE4_Mannequin_Skeleton.uexp" 741
"E:/UnrealEngine/Projects/DisciplesOfTheGods/Content/Editor/GreenMob/Character/Mesh/SK_Mannequin_PhysicsAsset.uasset" 742
"E:/UnrealEngine/Projects/DisciplesOfTheGods/Content/Editor/GreenMob/Character/Mesh/SK_Mannequin_PhysicsAsset.uexp" 743
"E:/UnrealEngine/Projects/DisciplesOfTheGods/Content/Editor/GreenMob/Character/Mesh/SK_Mannequin.uasset" 744
"E:/UnrealEngine/Projects/DisciplesOfTheGods/Content/Editor/GreenMob/Character/Mesh/SK_Mannequin.uexp" 745
"E:/UnrealEngine/Projects/DisciplesOfTheGods/Content/Editor/GreenMob/Animations/GreenMob_Attack_Anim.uasset" 746
"E:/UnrealEngine/Projects/DisciplesOfTheGods/Content/Editor/GreenMob/Animations/GreenMob_Attack_Anim.uexp" 747
"E:/UnrealEngine/Projects/DisciplesOfTheGods/Content/Editor/GreenMob/Animations/AM_GreenMob_Attack.uasset" 748
"E:/UnrealEngine/Projects/DisciplesOfTheGods/Content/Editor/GreenMob/Animations/AM_GreenMob_Attack.uexp" 749
"E:/UnrealEngine/Projects/DisciplesOfTheGods/Content/Editor/GreenMob/Animations/GreenMob_Hit_Anim.uasset" 750
"E:/UnrealEngine/Projects/DisciplesOfTheGods/Content/Editor/GreenMob/Animations/GreenMob_Hit_Anim.uexp" 751
"E:/UnrealEngine/Projects/DisciplesOfTheGods/Content/Editor/GreenMob/Animations/AM_GreenMob_Hit.uasset" 752
"E:/UnrealEngine/Projects/DisciplesOfTheGods/Content/Editor/GreenMob/Animations/AM_GreenMob_Hit.uexp" 753
"E:/UnrealEngine/Projects/DisciplesOfTheGods/Content/Editor/GreenMob/Animations/GreenMob_Idle_Anim.uasset" 754
"E:/UnrealEngine/Projects/DisciplesOfTheGods/Content/Editor/GreenMob/Animations/GreenMob_Idle_Anim.uexp" 755
"E:/UnrealEngine/Projects/DisciplesOfTheGods/Content/Editor/GreenMob/Animations/AnimBP_GreenMob.uasset" 756
"E:/UnrealEngine/Projects/DisciplesOfTheGods/Content/Editor/GreenMob/Animations/AnimBP_GreenMob.uexp" 757
"E:/UnrealEngine/Projects/DisciplesOfTheGods/Content/TBS/Assets/Bones/Textures/T_Skull_R_01.uasset" 758
"E:/UnrealEngine/Projects/DisciplesOfTheGods/Content/TBS/Assets/Bones/Textures/T_Skull_R_01.uexp" 759
"E:/UnrealEngine/Projects/DisciplesOfTheGods/Content/TBS/Assets/Bones/Textures/T_Skull_R_01.ubulk" 760
"E:/UnrealEngine/Projects/DisciplesOfTheGods/Content/TBS/Assets/Bones/Textures/T_Skull_N_01.uasset" 761
"E:/UnrealEngine/Projects/DisciplesOfTheGods/Content/TBS/Assets/Bones/Textures/T_Skull_N_01.uexp" 762
"E:/UnrealEngine/Projects/DisciplesOfTheGods/Content/TBS/Assets/Bones/Textures/T_Skull_N_01.ubulk" 763
"E:/UnrealEngine/Projects/DisciplesOfTheGods/Content/TBS/Assets/Bones/Textures/T_Skull_M_01.uasset" 764
"E:/UnrealEngine/Projects/DisciplesOfTheGods/Content/TBS/Assets/Bones/Textures/T_Skull_M_01.uexp" 765
"E:/UnrealEngine/Projects/DisciplesOfTheGods/Content/TBS/Assets/Bones/Textures/T_Skull_M_01.ubulk" 766
"E:/UnrealEngine/Projects/DisciplesOfTheGods/Content/TBS/Assets/Bones/Textures/T_Skull_BC_01.uasset" 767
"E:/UnrealEngine/Projects/DisciplesOfTheGods/Content/TBS/Assets/Bones/Textures/T_Skull_BC_01.uexp" 768
"E:/UnrealEngine/Projects/DisciplesOfTheGods/Content/TBS/Assets/Bones/Textures/T_Skull_BC_01.ubulk" 769
"E:/UnrealEngine/Projects/DisciplesOfTheGods/Content/TBS/Assets/Bones/Textures/T_Skull_AO_01.uasset" 770
"E:/UnrealEngine/Projects/DisciplesOfTheGods/Content/TBS/Assets/Bones/Textures/T_Skull_AO_01.uexp" 771
"E:/UnrealEngine/Projects/DisciplesOfTheGods/Content/TBS/Assets/Bones/Textures/T_Skull_AO_01.ubulk" 772
"E:/UnrealEngine/Projects/DisciplesOfTheGods/Content/TBS/Assets/Bones/Materials/M_Skull_01.uasset" 773
"E:/UnrealEngine/Projects/DisciplesOfTheGods/Content/TBS/Assets/Bones/Materials/M_Skull_01.uexp" 774
"E:/UnrealEngine/Projects/DisciplesOfTheGods/Content/TBS/Assets/Bones/Textures/T_Bone_N_01.uasset" 775
"E:/UnrealEngine/Projects/DisciplesOfTheGods/Content/TBS/Assets/Bones/Textures/T_Bone_N_01.uexp" 776
"E:/UnrealEngine/Projects/DisciplesOfTheGods/Content/TBS/Assets/Bones/Textures/T_Bone_N_01.ubulk" 777
"E:/UnrealEngine/Projects/DisciplesOfTheGods/Content/TBS/Assets/Bones/Textures/T_Bone_BC_01.uasset" 778
"E:/UnrealEngine/Projects/DisciplesOfTheGods/Content/TBS/Assets/Bones/Textures/T_Bone_BC_01.uexp" 779
"E:/UnrealEngine/Projects/DisciplesOfTheGods/Content/TBS/Assets/Bones/Textures/T_Bone_BC_01.ubulk" 780
"E:/UnrealEngine/Projects/DisciplesOfTheGods/Content/TBS/Assets/Bones/Textures/T_Bone_AORM_01.uasset" 781
"E:/UnrealEngine/Projects/DisciplesOfTheGods/Content/TBS/Assets/Bones/Textures/T_Bone_AORM_01.uexp" 782
"E:/UnrealEngine/Projects/DisciplesOfTheGods/Content/TBS/Assets/Bones/Textures/T_Bone_AORM_01.ubulk" 783
"E:/UnrealEngine/Projects/DisciplesOfTheGods/Content/TBS/Assets/Bones/MM_BoneBase.uasset" 784
"E:/UnrealEngine/Projects/DisciplesOfTheGods/Content/TBS/Assets/Bones/MM_BoneBase.uexp" 785
"E:/UnrealEngine/Projects/DisciplesOfTheGods/Content/TBS/Assets/Bones/Materials/MI_Bone_01.uasset" 786
"E:/UnrealEngine/Projects/DisciplesOfTheGods/Content/TBS/Assets/Bones/Materials/MI_Bone_01.uexp" 787
"E:/UnrealEngine/Projects/DisciplesOfTheGods/Content/TBS/Assets/Bones/SM_DeadCharacter_02.uasset" 788
"E:/UnrealEngine/Projects/DisciplesOfTheGods/Content/TBS/Assets/Bones/SM_DeadCharacter_02.uexp" 789
"E:/UnrealEngine/Projects/DisciplesOfTheGods/Content/TBS/Gameplay/Characters/BP_Hero_Green.uasset" 790
"E:/UnrealEngine/Projects/DisciplesOfTheGods/Content/TBS/Gameplay/Characters/BP_Hero_Green.uexp" 791
"E:/UnrealEngine/Projects/DisciplesOfTheGods/Content/TBS/Core/Game/TBSGameInstance.uasset" 792
"E:/UnrealEngine/Projects/DisciplesOfTheGods/Content/TBS/Core/Game/TBSGameInstance.uexp" 793
"E:/UnrealEngine/Projects/DisciplesOfTheGods/Content/TBS/UI/Game/W_GameButtons.uasset" 794
"E:/UnrealEngine/Projects/DisciplesOfTheGods/Content/TBS/UI/Game/W_GameButtons.uexp" 795
"E:/UnrealEngine/Projects/DisciplesOfTheGods/Content/TBS/UI/Game/W_GamePanel.uasset" 796
"E:/UnrealEngine/Projects/DisciplesOfTheGods/Content/TBS/UI/Game/W_GamePanel.uexp" 797
"E:/UnrealEngine/Projects/DisciplesOfTheGods/Content/TBS/UI/Game/W_TBS_Main.uasset" 798
"E:/UnrealEngine/Projects/DisciplesOfTheGods/Content/TBS/UI/Game/W_TBS_Main.uexp" 799
"E:/UnrealEngine/Projects/DisciplesOfTheGods/Content/TBS/Core/Game/TBS_HUD.uasset" 800
"E:/UnrealEngine/Projects/DisciplesOfTheGods/Content/TBS/Core/Game/TBS_HUD.uexp" 801
"E:/UnrealEngine/Projects/DisciplesOfTheGods/Content/TBS/Interfaces/BPI_UnitController.uasset" 802
"E:/UnrealEngine/Projects/DisciplesOfTheGods/Content/TBS/Interfaces/BPI_UnitController.uexp" 803
"E:/UnrealEngine/Projects/DisciplesOfTheGods/Content/TBS/Interfaces/BPI_GroupController.uasset" 804
"E:/UnrealEngine/Projects/DisciplesOfTheGods/Content/TBS/Interfaces/BPI_GroupController.uexp" 805
"E:/UnrealEngine/Projects/DisciplesOfTheGods/Content/TBS/Audio/Game/Effects/Characters/Magic/S_MagicMob_Lighting.uasset" 806
"E:/UnrealEngine/Projects/DisciplesOfTheGods/Content/TBS/Audio/Game/Effects/Characters/Magic/S_MagicMob_Lighting.uexp" 807
"E:/UnrealEngine/Projects/DisciplesOfTheGods/Content/Editor/MagicMob/SK_MagicMob_PhysicsAsset.uasset" 808
"E:/UnrealEngine/Projects/DisciplesOfTheGods/Content/Editor/MagicMob/SK_MagicMob_PhysicsAsset.uexp" 809
"E:/UnrealEngine/Projects/DisciplesOfTheGods/Content/Editor/MM_MixamoBot.uasset" 810
"E:/UnrealEngine/Projects/DisciplesOfTheGods/Content/Editor/MM_MixamoBot.uexp" 811
"E:/UnrealEngine/Projects/DisciplesOfTheGods/Content/Editor/MagicMob/MI_MagicMob_Main.uasset" 812
"E:/UnrealEngine/Projects/DisciplesOfTheGods/Content/Editor/MagicMob/MI_MagicMob_Main.uexp" 813
"E:/UnrealEngine/Projects/DisciplesOfTheGods/Content/Editor/MagicMob/MI_MagicMob_Joints.uasset" 814
"E:/UnrealEngine/Projects/DisciplesOfTheGods/Content/Editor/MagicMob/MI_MagicMob_Joints.uexp" 815
"E:/UnrealEngine/Projects/DisciplesOfTheGods/Content/Editor/MagicMob/MagicMob_Skeleton.uasset" 816
"E:/UnrealEngine/Projects/DisciplesOfTheGods/Content/Editor/MagicMob/MagicMob_Skeleton.uexp" 817
"E:/UnrealEngine/Projects/DisciplesOfTheGods/Content/Editor/MagicMob/SK_MagicMob.uasset" 818
"E:/UnrealEngine/Projects/DisciplesOfTheGods/Content/Editor/MagicMob/SK_MagicMob.uexp" 819
"E:/UnrealEngine/Projects/DisciplesOfTheGods/Content/Editor/MagicMob/MagicMob_Idle_Anim.uasset" 820
"E:/UnrealEngine/Projects/DisciplesOfTheGods/Content/Editor/MagicMob/MagicMob_Idle_Anim.uexp" 821
"E:/UnrealEngine/Projects/DisciplesOfTheGods/Content/Editor/MagicMob/AnimBP_MagicMob.uasset" 822
"E:/UnrealEngine/Projects/DisciplesOfTheGods/Content/Editor/MagicMob/AnimBP_MagicMob.uexp" 823
"E:/UnrealEngine/Projects/DisciplesOfTheGods/Content/Editor/MagicMob/MagicMob_Hit_Anim.uasset" 824
"E:/UnrealEngine/Projects/DisciplesOfTheGods/Content/Editor/MagicMob/MagicMob_Hit_Anim.uexp" 825
"E:/UnrealEngine/Projects/DisciplesOfTheGods/Content/Editor/MagicMob/AM_MagicMob_Hit.uasset" 826
"E:/UnrealEngine/Projects/DisciplesOfTheGods/Content/Editor/MagicMob/AM_MagicMob_Hit.uexp" 827
"E:/UnrealEngine/Projects/DisciplesOfTheGods/Content/Editor/MagicMob/MagicMob_Death_Anim.uasset" 828
"E:/UnrealEngine/Projects/DisciplesOfTheGods/Content/Editor/MagicMob/MagicMob_Death_Anim.uexp" 829
"E:/UnrealEngine/Projects/DisciplesOfTheGods/Content/Editor/MagicMob/AM_MagicMob_Death.uasset" 830
"E:/UnrealEngine/Projects/DisciplesOfTheGods/Content/Editor/MagicMob/AM_MagicMob_Death.uexp" 831
"E:/UnrealEngine/Projects/DisciplesOfTheGods/Content/Editor/MagicMob/MagicMob_Attack_Anim.uasset" 832
"E:/UnrealEngine/Projects/DisciplesOfTheGods/Content/Editor/MagicMob/MagicMob_Attack_Anim.uexp" 833
"E:/UnrealEngine/Projects/DisciplesOfTheGods/Content/Editor/MagicMob/AM_MagicMob_Attack.uasset" 834
"E:/UnrealEngine/Projects/DisciplesOfTheGods/Content/Editor/MagicMob/AM_MagicMob_Attack.uexp" 835
"E:/UnrealEngine/Projects/DisciplesOfTheGods/Content/InfinityBladeEffects/Effects/FX_Textures/Spark/T_Sparks_04_SubUV_1_4.uasset" 836
"E:/UnrealEngine/Projects/DisciplesOfTheGods/Content/InfinityBladeEffects/Effects/FX_Textures/Spark/T_Sparks_04_SubUV_1_4.uexp" 837
"E:/UnrealEngine/Projects/DisciplesOfTheGods/Content/InfinityBladeEffects/Effects/FX_Textures/Spark/T_Sparks_04_SubUV_1_4.ubulk" 838
"E:/UnrealEngine/Projects/DisciplesOfTheGods/Content/InfinityBladeEffects/Effects/Masters/M_Add_Sprite_SubUV_Master.uasset" 839
"E:/UnrealEngine/Projects/DisciplesOfTheGods/Content/InfinityBladeEffects/Effects/Masters/M_Add_Sprite_SubUV_Master.uexp" 840
"E:/UnrealEngine/Projects/DisciplesOfTheGods/Content/InfinityBladeEffects/Effects/FX_Materials/Spark/M_Spark_04_SubUV_1_4_INST.uasset" 841
"E:/UnrealEngine/Projects/DisciplesOfTheGods/Content/InfinityBladeEffects/Effects/FX_Materials/Spark/M_Spark_04_SubUV_1_4_INST.uexp" 842
"E:/UnrealEngine/Projects/DisciplesOfTheGods/Content/InfinityBladeEffects/Effects/FX_Textures/Noise/T_Noise_beam_01.uasset" 843
"E:/UnrealEngine/Projects/DisciplesOfTheGods/Content/InfinityBladeEffects/Effects/FX_Textures/Noise/T_Noise_beam_01.uexp" 844
"E:/UnrealEngine/Projects/DisciplesOfTheGods/Content/InfinityBladeEffects/Effects/FX_Textures/Noise/T_Noise_beam_01.ubulk" 845
"E:/UnrealEngine/Projects/DisciplesOfTheGods/Content/InfinityBladeEffects/Effects/Masters/M_Add_Sprite_Pan_Emis_Mask_Master.uasset" 846
"E:/UnrealEngine/Projects/DisciplesOfTheGods/Content/InfinityBladeEffects/Effects/Masters/M_Add_Sprite_Pan_Emis_Mask_Master.uexp" 847
"E:/UnrealEngine/Projects/DisciplesOfTheGods/Content/InfinityBladeEffects/Effects/FX_Materials/Noise/M_Noise_Beam_01_INST.uasset" 848
"E:/UnrealEngine/Projects/DisciplesOfTheGods/Content/InfinityBladeEffects/Effects/FX_Materials/Noise/M_Noise_Beam_01_INST.uexp" 849
"E:/UnrealEngine/Projects/DisciplesOfTheGods/Content/InfinityBladeEffects/Effects/FX_Textures/Lightning/T_Lightning_Radial_4X4.uasset" 850
"E:/UnrealEngine/Projects/DisciplesOfTheGods/Content/InfinityBladeEffects/Effects/FX_Textures/Lightning/T_Lightning_Radial_4X4.uexp" 851
"E:/UnrealEngine/Projects/DisciplesOfTheGods/Content/InfinityBladeEffects/Effects/FX_Textures/Lightning/T_Lightning_Radial_4X4.ubulk" 852
"E:/UnrealEngine/Projects/DisciplesOfTheGods/Content/InfinityBladeEffects/Effects/FX_Materials/Lightning/M_Lightning_Radial_01_Add_2X2_INST.uasset" 853
"E:/UnrealEngine/Projects/DisciplesOfTheGods/Content/InfinityBladeEffects/Effects/FX_Materials/Lightning/M_Lightning_Radial_01_Add_2X2_INST.uexp" 854
"E:/UnrealEngine/Projects/DisciplesOfTheGods/Content/InfinityBladeEffects/Effects/Masters/M_Add_Sprite_Master.uasset" 855
"E:/UnrealEngine/Projects/DisciplesOfTheGods/Content/InfinityBladeEffects/Effects/Masters/M_Add_Sprite_Master.uexp" 856
"E:/UnrealEngine/Projects/DisciplesOfTheGods/Content/InfinityBladeEffects/Effects/FX_Textures/Gradient/T_GlowNoise_Circular_02.uasset" 857
"E:/UnrealEngine/Projects/DisciplesOfTheGods/Content/InfinityBladeEffects/Effects/FX_Textures/Gradient/T_GlowNoise_Circular_02.uexp" 858
"E:/UnrealEngine/Projects/DisciplesOfTheGods/Content/InfinityBladeEffects/Effects/FX_Textures/Gradient/T_GlowNoise_Circular_02.ubulk" 859
"E:/UnrealEngine/Projects/DisciplesOfTheGods/Content/InfinityBladeEffects/Effects/FX_Materials/Gradient/M_Flare_Noise_01_Inst.uasset" 860
"E:/UnrealEngine/Projects/DisciplesOfTheGods/Content/InfinityBladeEffects/Effects/FX_Materials/Gradient/M_Flare_Noise_01_Inst.uexp" 861
"E:/UnrealEngine/Projects/DisciplesOfTheGods/Content/InfinityBladeEffects/Effects/FX_Textures/Gradient/T_starFlare_01.uasset" 862
"E:/UnrealEngine/Projects/DisciplesOfTheGods/Content/InfinityBladeEffects/Effects/FX_Textures/Gradient/T_starFlare_01.uexp" 863
"E:/UnrealEngine/Projects/DisciplesOfTheGods/Content/InfinityBladeEffects/Effects/FX_Textures/Gradient/T_starFlare_01.ubulk" 864
"E:/UnrealEngine/Projects/DisciplesOfTheGods/Content/InfinityBladeEffects/Effects/Masters/M_Add_Sprite_Master_DepthFade.uasset" 865
"E:/UnrealEngine/Projects/DisciplesOfTheGods/Content/InfinityBladeEffects/Effects/Masters/M_Add_Sprite_Master_DepthFade.uexp" 866
"E:/UnrealEngine/Projects/DisciplesOfTheGods/Content/InfinityBladeEffects/Effects/FX_Materials/Gradient/M_Flare_01_INST.uasset" 867
"E:/UnrealEngine/Projects/DisciplesOfTheGods/Content/InfinityBladeEffects/Effects/FX_Materials/Gradient/M_Flare_01_INST.uexp" 868
"E:/UnrealEngine/Projects/DisciplesOfTheGods/Content/InfinityBladeEffects/Effects/FX_Monsters/FX_Monster_Ausar/P_MagicMob_Attack.uasset" 869
"E:/UnrealEngine/Projects/DisciplesOfTheGods/Content/InfinityBladeEffects/Effects/FX_Monsters/FX_Monster_Ausar/P_MagicMob_Attack.uexp" 870
"E:/UnrealEngine/Projects/DisciplesOfTheGods/Content/TBS/Gameplay/Characters/BP_MagicMob.uasset" 871
"E:/UnrealEngine/Projects/DisciplesOfTheGods/Content/TBS/Gameplay/Characters/BP_MagicMob.uexp" 872
"E:/UnrealEngine/Projects/DisciplesOfTheGods/Content/TBS/Audio/Game/Effects/Characters/Healing/S_HealingEffect.uasset" 873
"E:/UnrealEngine/Projects/DisciplesOfTheGods/Content/TBS/Audio/Game/Effects/Characters/Healing/S_HealingEffect.uexp" 874
"E:/UnrealEngine/Projects/DisciplesOfTheGods/Content/Editor/HealingMob/SK_HealingMob_PhysicsAsset.uasset" 875
"E:/UnrealEngine/Projects/DisciplesOfTheGods/Content/Editor/HealingMob/SK_HealingMob_PhysicsAsset.uexp" 876
"E:/UnrealEngine/Projects/DisciplesOfTheGods/Content/Editor/GreenMob/Character/Textures/T_Female_N.uasset" 877
"E:/UnrealEngine/Projects/DisciplesOfTheGods/Content/Editor/GreenMob/Character/Textures/T_Female_N.uexp" 878
"E:/UnrealEngine/Projects/DisciplesOfTheGods/Content/Editor/GreenMob/Character/Textures/T_Female_N.ubulk" 879
"E:/UnrealEngine/Projects/DisciplesOfTheGods/Content/Editor/HealingMob/MI_HealingMob_Joints.uasset" 880
"E:/UnrealEngine/Projects/DisciplesOfTheGods/Content/Editor/HealingMob/MI_HealingMob_Joints.uexp" 881
"E:/UnrealEngine/Projects/DisciplesOfTheGods/Content/Editor/HealingMob/MI_HealingMob_HighLimbs.uasset" 882
"E:/UnrealEngine/Projects/DisciplesOfTheGods/Content/Editor/HealingMob/MI_HealingMob_HighLimbs.uexp" 883
"E:/UnrealEngine/Projects/DisciplesOfTheGods/Content/Editor/HealingMob/HealingMob_Skeleton.uasset" 884
"E:/UnrealEngine/Projects/DisciplesOfTheGods/Content/Editor/HealingMob/HealingMob_Skeleton.uexp" 885
"E:/UnrealEngine/Projects/DisciplesOfTheGods/Content/Editor/HealingMob/SK_HealingMob.uasset" 886
"E:/UnrealEngine/Projects/DisciplesOfTheGods/Content/Editor/HealingMob/SK_HealingMob.uexp" 887
"E:/UnrealEngine/Projects/DisciplesOfTheGods/Content/Editor/HealingMob/HealingMob_Idle_Anim.uasset" 888
"E:/UnrealEngine/Projects/DisciplesOfTheGods/Content/Editor/HealingMob/HealingMob_Idle_Anim.uexp" 889
"E:/UnrealEngine/Projects/DisciplesOfTheGods/Content/Editor/HealingMob/AnimBP_HealingMob.uasset" 890
"E:/UnrealEngine/Projects/DisciplesOfTheGods/Content/Editor/HealingMob/AnimBP_HealingMob.uexp" 891
"E:/UnrealEngine/Projects/DisciplesOfTheGods/Content/Editor/HealingMob/HealingMob_Hit_Anim.uasset" 892
"E:/UnrealEngine/Projects/DisciplesOfTheGods/Content/Editor/HealingMob/HealingMob_Hit_Anim.uexp" 893
"E:/UnrealEngine/Projects/DisciplesOfTheGods/Content/Editor/HealingMob/AM_HealingMob_Hit.uasset" 894
"E:/UnrealEngine/Projects/DisciplesOfTheGods/Content/Editor/HealingMob/AM_HealingMob_Hit.uexp" 895
"E:/UnrealEngine/Projects/DisciplesOfTheGods/Content/Editor/HealingMob/HealingMob_Healing_Anim.uasset" 896
"E:/UnrealEngine/Projects/DisciplesOfTheGods/Content/Editor/HealingMob/HealingMob_Healing_Anim.uexp" 897
"E:/UnrealEngine/Projects/DisciplesOfTheGods/Content/Editor/HealingMob/AM_HealingMob_Healing.uasset" 898
"E:/UnrealEngine/Projects/DisciplesOfTheGods/Content/Editor/HealingMob/AM_HealingMob_Healing.uexp" 899
"E:/UnrealEngine/Projects/DisciplesOfTheGods/Content/Editor/HealingMob/HealingMob_Death_Anim.uasset" 900
"E:/UnrealEngine/Projects/DisciplesOfTheGods/Content/Editor/HealingMob/HealingMob_Death_Anim.uexp" 901
"E:/UnrealEngine/Projects/DisciplesOfTheGods/Content/Editor/HealingMob/AM_HealingMob_Death.uasset" 902
"E:/UnrealEngine/Projects/DisciplesOfTheGods/Content/Editor/HealingMob/AM_HealingMob_Death.uexp" 903
"E:/UnrealEngine/Projects/DisciplesOfTheGods/Content/InfinityBladeEffects/Effects/FX_Textures/Gradient/T_GlowNoise_01.uasset" 904
"E:/UnrealEngine/Projects/DisciplesOfTheGods/Content/InfinityBladeEffects/Effects/FX_Textures/Gradient/T_GlowNoise_01.uexp" 905
"E:/UnrealEngine/Projects/DisciplesOfTheGods/Content/InfinityBladeEffects/Effects/FX_Textures/Gradient/T_GlowNoise_01.ubulk" 906
"E:/UnrealEngine/Projects/DisciplesOfTheGods/Content/InfinityBladeEffects/Effects/FX_Materials/M_Shockwave_03_Add_INST.uasset" 907
"E:/UnrealEngine/Projects/DisciplesOfTheGods/Content/InfinityBladeEffects/Effects/FX_Materials/M_Shockwave_03_Add_INST.uexp" 908
"E:/UnrealEngine/Projects/DisciplesOfTheGods/Content/InfinityBladeEffects/Effects/FX_Materials/Gradient/M_Flare_Vertical_01_INST.uasset" 909
"E:/UnrealEngine/Projects/DisciplesOfTheGods/Content/InfinityBladeEffects/Effects/FX_Materials/Gradient/M_Flare_Vertical_01_INST.uexp" 910
"E:/UnrealEngine/Projects/DisciplesOfTheGods/Content/InfinityBladeEffects/Effects/FX_Textures/Gradient/T_starFlare_02.uasset" 911
"E:/UnrealEngine/Projects/DisciplesOfTheGods/Content/InfinityBladeEffects/Effects/FX_Textures/Gradient/T_starFlare_02.uexp" 912
"E:/UnrealEngine/Projects/DisciplesOfTheGods/Content/InfinityBladeEffects/Effects/FX_Textures/Gradient/T_starFlare_02.ubulk" 913
"E:/UnrealEngine/Projects/DisciplesOfTheGods/Content/InfinityBladeEffects/Effects/FX_Materials/Gradient/M_Flare_02_INST.uasset" 914
"E:/UnrealEngine/Projects/DisciplesOfTheGods/Content/InfinityBladeEffects/Effects/FX_Materials/Gradient/M_Flare_02_INST.uexp" 915
"E:/UnrealEngine/Projects/DisciplesOfTheGods/Content/InfinityBladeEffects/Effects/FX_Skill_Aura/P_Aura_Ice_Ending_01.uasset" 916
"E:/UnrealEngine/Projects/DisciplesOfTheGods/Content/InfinityBladeEffects/Effects/FX_Skill_Aura/P_Aura_Ice_Ending_01.uexp" 917
"E:/UnrealEngine/Projects/DisciplesOfTheGods/Content/TBS/Gameplay/Characters/BP_HealingMob.uasset" 918
"E:/UnrealEngine/Projects/DisciplesOfTheGods/Content/TBS/Gameplay/Characters/BP_HealingMob.uexp" 919
"E:/UnrealEngine/Projects/DisciplesOfTheGods/Content/TBS/Core/Game/TBSPlayerStart.uasset" 920
"E:/UnrealEngine/Projects/DisciplesOfTheGods/Content/TBS/Core/Game/TBSPlayerStart.uexp" 921
"E:/UnrealEngine/Projects/DisciplesOfTheGods/Content/TBS/AI/BP_AIController_Group.uasset" 922
"E:/UnrealEngine/Projects/DisciplesOfTheGods/Content/TBS/AI/BP_AIController_Group.uexp" 923
"E:/UnrealEngine/Projects/DisciplesOfTheGods/Content/TBS/Core/Game/TBSPawn.uasset" 924
"E:/UnrealEngine/Projects/DisciplesOfTheGods/Content/TBS/Core/Game/TBSPawn.uexp" 925
"E:/UnrealEngine/Projects/DisciplesOfTheGods/Content/TBS/Core/Game/TBSGameMode.uasset" 926
"E:/UnrealEngine/Projects/DisciplesOfTheGods/Content/TBS/Core/Game/TBSGameMode.uexp" 927
"E:/UnrealEngine/Projects/DisciplesOfTheGods/Content/TBS/Core/Game/TBSPlayerController.uasset" 928
"E:/UnrealEngine/Projects/DisciplesOfTheGods/Content/TBS/Core/Game/TBSPlayerController.uexp" 929
"E:/UnrealEngine/Projects/DisciplesOfTheGods/Content/TBS/Core/Game/TBSGameState.uasset" 930
"E:/UnrealEngine/Projects/DisciplesOfTheGods/Content/TBS/Core/Game/TBSGameState.uexp" 931
"E:/UnrealEngine/Projects/DisciplesOfTheGods/Content/TBS/Assets/Bones/SM_DeadCharacter_01.uasset" 932
"E:/UnrealEngine/Projects/DisciplesOfTheGods/Content/TBS/Assets/Bones/SM_DeadCharacter_01.uexp" 933
"E:/UnrealEngine/Projects/DisciplesOfTheGods/Content/TBS/AI/BP_AIController_UnitBase.uasset" 934
"E:/UnrealEngine/Projects/DisciplesOfTheGods/Content/TBS/AI/BP_AIController_UnitBase.uexp" 935
"E:/UnrealEngine/Projects/DisciplesOfTheGods/Content/TBS/Assets/Magic_Circle_Creator/Textures/Masks/ExtraCircles_Rings/T_MagicCircle-06_1024_M.uasset" 936
"E:/UnrealEngine/Projects/DisciplesOfTheGods/Content/TBS/Assets/Magic_Circle_Creator/Textures/Masks/ExtraCircles_Rings/T_MagicCircle-06_1024_M.uexp" 937
"E:/UnrealEngine/Projects/DisciplesOfTheGods/Content/TBS/Assets/Magic_Circle_Creator/Textures/Masks/ExtraCircles_Rings/M_MagicCircle.uasset" 938
"E:/UnrealEngine/Projects/DisciplesOfTheGods/Content/TBS/Assets/Magic_Circle_Creator/Textures/Masks/ExtraCircles_Rings/M_MagicCircle.uexp" 939
"E:/UnrealEngine/Projects/DisciplesOfTheGods/Content/InfinityBladeEffects/Effects/FX_Meshes/Skills/SM_AuraCircle.uasset" 940
"E:/UnrealEngine/Projects/DisciplesOfTheGods/Content/InfinityBladeEffects/Effects/FX_Meshes/Skills/SM_AuraCircle.uexp" 941
"E:/UnrealEngine/Projects/DisciplesOfTheGods/Content/InfinityBladeEffects/Effects/FX_Textures/Gradient/T_AuraCircle_TileHoriz.uasset" 942
"E:/UnrealEngine/Projects/DisciplesOfTheGods/Content/InfinityBladeEffects/Effects/FX_Textures/Gradient/T_AuraCircle_TileHoriz.uexp" 943
"E:/UnrealEngine/Projects/DisciplesOfTheGods/Content/InfinityBladeEffects/Effects/FX_Textures/Gradient/T_AuraCircle_TileHoriz.ubulk" 944
"E:/UnrealEngine/Projects/DisciplesOfTheGods/Content/InfinityBladeEffects/Effects/FX_Materials/Mobile/M_AuraCircle.uasset" 945
"E:/UnrealEngine/Projects/DisciplesOfTheGods/Content/InfinityBladeEffects/Effects/FX_Materials/Mobile/M_AuraCircle.uexp" 946
"E:/UnrealEngine/Projects/DisciplesOfTheGods/Content/InfinityBladeEffects/Effects/FX_Textures/Gradient/T_starFlare_03.uasset" 947
"E:/UnrealEngine/Projects/DisciplesOfTheGods/Content/InfinityBladeEffects/Effects/FX_Textures/Gradient/T_starFlare_03.uexp" 948
"E:/UnrealEngine/Projects/DisciplesOfTheGods/Content/InfinityBladeEffects/Effects/FX_Textures/Gradient/T_starFlare_03.ubulk" 949
"E:/UnrealEngine/Projects/DisciplesOfTheGods/Content/InfinityBladeEffects/Effects/FX_Materials/Gradient/M_Flare_04_INST.uasset" 950
"E:/UnrealEngine/Projects/DisciplesOfTheGods/Content/InfinityBladeEffects/Effects/FX_Materials/Gradient/M_Flare_04_INST.uexp" 951
"E:/UnrealEngine/Projects/DisciplesOfTheGods/Content/InfinityBladeEffects/Effects/FX_Textures/Gradient/T_SoftFallOff.uasset" 952
"E:/UnrealEngine/Projects/DisciplesOfTheGods/Content/InfinityBladeEffects/Effects/FX_Textures/Gradient/T_SoftFallOff.uexp" 953
"E:/UnrealEngine/Projects/DisciplesOfTheGods/Content/InfinityBladeEffects/Effects/FX_Textures/Gradient/T_SoftFallOff.ubulk" 954
"E:/UnrealEngine/Projects/DisciplesOfTheGods/Content/InfinityBladeEffects/Effects/FX_Materials/Gradient/M_Flare_03_INST.uasset" 955
"E:/UnrealEngine/Projects/DisciplesOfTheGods/Content/InfinityBladeEffects/Effects/FX_Materials/Gradient/M_Flare_03_INST.uexp" 956
"E:/UnrealEngine/Projects/DisciplesOfTheGods/Content/InfinityBladeEffects/Effects/FX_Mobile/combat/P_Target_Turn.uasset" 957
"E:/UnrealEngine/Projects/DisciplesOfTheGods/Content/InfinityBladeEffects/Effects/FX_Mobile/combat/P_Target_Turn.uexp" 958
"E:/UnrealEngine/Projects/DisciplesOfTheGods/Content/InfinityBladeEffects/Effects/FX_Mobile/combat/P_Target_Healing.uasset" 959
"E:/UnrealEngine/Projects/DisciplesOfTheGods/Content/InfinityBladeEffects/Effects/FX_Mobile/combat/P_Target_Healing.uexp" 960
"E:/UnrealEngine/Projects/DisciplesOfTheGods/Content/InfinityBladeEffects/Effects/FX_Mobile/combat/P_Target_Buff.uasset" 961
"E:/UnrealEngine/Projects/DisciplesOfTheGods/Content/InfinityBladeEffects/Effects/FX_Mobile/combat/P_Target_Buff.uexp" 962
"E:/UnrealEngine/Projects/DisciplesOfTheGods/Content/InfinityBladeEffects/Effects/FX_Mobile/combat/P_Target_Attack.uasset" 963
"E:/UnrealEngine/Projects/DisciplesOfTheGods/Content/InfinityBladeEffects/Effects/FX_Mobile/combat/P_Target_Attack.uexp" 964
"E:/UnrealEngine/Projects/DisciplesOfTheGods/Content/InfinityBladeEffects/Effects/FX_Textures/Gradient/T_ChargeTrail_02.uasset" 965
"E:/UnrealEngine/Projects/DisciplesOfTheGods/Content/InfinityBladeEffects/Effects/FX_Textures/Gradient/T_ChargeTrail_02.uexp" 966
"E:/UnrealEngine/Projects/DisciplesOfTheGods/Content/InfinityBladeEffects/Effects/FX_Textures/Gradient/T_ChargeTrail_02.ubulk" 967
"E:/UnrealEngine/Projects/DisciplesOfTheGods/Content/InfinityBladeEffects/Effects/FX_Textures/Gradient/T_ChargeTrail.uasset" 968
"E:/UnrealEngine/Projects/DisciplesOfTheGods/Content/InfinityBladeEffects/Effects/FX_Textures/Gradient/T_ChargeTrail.uexp" 969
"E:/UnrealEngine/Projects/DisciplesOfTheGods/Content/InfinityBladeEffects/Effects/FX_Textures/Gradient/T_ChargeTrail.ubulk" 970
"E:/UnrealEngine/Projects/DisciplesOfTheGods/Content/InfinityBladeEffects/Effects/Masters/M_Add_Trail_2Sided_Pan_Emis_Master.uasset" 971
"E:/UnrealEngine/Projects/DisciplesOfTheGods/Content/InfinityBladeEffects/Effects/Masters/M_Add_Trail_2Sided_Pan_Emis_Master.uexp" 972
"E:/UnrealEngine/Projects/DisciplesOfTheGods/Content/InfinityBladeEffects/Effects/FX_Materials/Trails/M_TraceTrail_Base_Add_INST.uasset" 973
"E:/UnrealEngine/Projects/DisciplesOfTheGods/Content/InfinityBladeEffects/Effects/FX_Materials/Trails/M_TraceTrail_Base_Add_INST.uexp" 974
"E:/UnrealEngine/Projects/DisciplesOfTheGods/Content/InfinityBladeEffects/Effects/FX_Mobile/combat/P_DeathParticle_Neutral.uasset" 975
"E:/UnrealEngine/Projects/DisciplesOfTheGods/Content/InfinityBladeEffects/Effects/FX_Mobile/combat/P_DeathParticle_Neutral.uexp" 976
"E:/UnrealEngine/Projects/DisciplesOfTheGods/Content/TBS/Gameplay/Characters/BP_HeroBase.uasset" 977
"E:/UnrealEngine/Projects/DisciplesOfTheGods/Content/TBS/Gameplay/Characters/BP_HeroBase.uexp" 978
"E:/UnrealEngine/Projects/DisciplesOfTheGods/Content/TBS/Gameplay/BP_BattleGrid.uasset" 979
"E:/UnrealEngine/Projects/DisciplesOfTheGods/Content/TBS/Gameplay/BP_BattleGrid.uexp" 980
"E:/UnrealEngine/Projects/DisciplesOfTheGods/Content/TBS/Maps/BattleMap_Main.uexp" 981
"E:/UnrealEngine/Projects/DisciplesOfTheGods/Content/TBS/Maps/BattleMap_Main.umap" 982
"E:/UnrealEngine/Projects/DisciplesOfTheGods/Content/TBS/UI/Menu/W_LobbyMenuWidget.uasset" 983
"E:/UnrealEngine/Projects/DisciplesOfTheGods/Content/TBS/UI/Menu/W_LobbyMenuWidget.uexp" 984
"E:/UnrealEngine/Projects/DisciplesOfTheGods/Content/TBS/Core/Menu/LobbyMenu/BP_LobbyMenuPlayerController.uasset" 985
"E:/UnrealEngine/Projects/DisciplesOfTheGods/Content/TBS/Core/Menu/LobbyMenu/BP_LobbyMenuPlayerController.uexp" 986
"E:/UnrealEngine/Projects/DisciplesOfTheGods/Content/TBS/Core/Menu/LobbyMenu/BP_LobbyMenuGameMode.uasset" 987
"E:/UnrealEngine/Projects/DisciplesOfTheGods/Content/TBS/Core/Menu/LobbyMenu/BP_LobbyMenuGameMode.uexp" 988
"E:/UnrealEngine/Projects/DisciplesOfTheGods/Content/TBS/Maps/LobbyMenuMap.uexp" 989
"E:/UnrealEngine/Projects/DisciplesOfTheGods/Content/TBS/Maps/LobbyMenuMap.umap" 990
"E:/UnrealEngine/Projects/DisciplesOfTheGods/Content/TBS/UI/Menu/W_MainMenuWidget.uasset" 991
"E:/UnrealEngine/Projects/DisciplesOfTheGods/Content/TBS/UI/Menu/W_MainMenuWidget.uexp" 992
"E:/UnrealEngine/Projects/DisciplesOfTheGods/Content/TBS/Core/Menu/MainMenu/BP_MainMenuPlayerController.uasset" 993
"E:/UnrealEngine/Projects/DisciplesOfTheGods/Content/TBS/Core/Menu/MainMenu/BP_MainMenuPlayerController.uexp" 994
"E:/UnrealEngine/Projects/DisciplesOfTheGods/Content/TBS/Core/Menu/MainMenu/BP_MainMenuGameMode.uasset" 995
"E:/UnrealEngine/Projects/DisciplesOfTheGods/Content/TBS/Core/Menu/MainMenu/BP_MainMenuGameMode.uexp" 996
"E:/UnrealEngine/Projects/DisciplesOfTheGods/Content/TBS/Maps/MainMenuMap.uexp" 997
"E:/UnrealEngine/Projects/DisciplesOfTheGods/Content/TBS/Maps/MainMenuMap.umap" 998
"../../../Engine/Content/Maps/Entry_BuiltData.uasset" 999
"../../../Engine/Content/Maps/Entry_BuiltData.uexp" 1000
"../../../Engine/Content/Maps/Entry.uexp" 1001
"../../../Engine/Content/Maps/Entry.umap" 1002
